2019-06-28 03:08:32,419 [10] Orchard.Recipes.Services.RecipeManager - Default - INFO Executing recipe 'Default'.
2019-06-28 03:08:32,439 [10] Orchard.Recipes.Services.RecipeStepQueue - Default - INFO Enqueuing recipe step 'Feature'.
2019-06-28 03:08:32,453 [10] Orchard.Recipes.Services.RecipeStepQueue - Default - INFO Enqueuing recipe step 'ContentDefinition'.
2019-06-28 03:08:32,464 [10] Orchard.Recipes.Services.RecipeStepQueue - Default - INFO Enqueuing recipe step 'Settings'.
2019-06-28 03:08:32,475 [10] Orchard.Recipes.Services.RecipeStepQueue - Default - INFO Enqueuing recipe step 'Migration'.
2019-06-28 03:08:32,486 [10] Orchard.Recipes.Services.RecipeStepQueue - Default - INFO Enqueuing recipe step 'Command'.
2019-06-28 03:08:32,504 [10] Orchard.Recipes.Services.RecipeStepQueue - Default - INFO Enqueuing recipe step 'ActivateShell'.
2019-06-28 03:08:32,614 [10] Orchard.Recipes.Services.RecipeStepQueue - Default - INFO Dequeuing recipe steps.
2019-06-28 03:08:32,618 [10] Orchard.Recipes.Services.RecipeStepQueue - Default - INFO Dequeuing recipe step 'Feature'.
2019-06-28 03:08:32,621 [10] Orchard.Recipes.Services.RecipeStepExecutor - Default - INFO Executing recipe step 'Feature'.
2019-06-28 03:08:32,627 [10] Orchard.Recipes.Providers.RecipeHandlers.RecipeExecutionStepHandler - Default - INFO Executing recipe step 'Feature'.
2019-06-28 03:08:32,631 [10] Orchard.Recipes.Services.RecipeExecutionLogger - Default - INFO FeatureStep: Enabling features: Orchard.Blogs;Orchard.Comments;Orchard.Tags;Orchard.Alias;Orchard.Autoroute;TinyMce;Orchard.MediaLibrary;Orchard.ContentPicker;Orchard.PublishLater;Orchard.Resources;Orchard.Widgets;Orchard.ContentTypes;Orchard.Scripting;Orchard.Scripting.Lightweight;PackagingServices;Orchard.Packaging;Orchard.Projections;Orchard.Fields;Orchard.OutputCache;Orchard.Taxonomies;Orchard.Workflows;Orchard.Layouts;Orchard.Layouts.Tokens;TheThemeMachine
2019-06-28 03:08:32,728 [10] Orchard.Recipes.Providers.RecipeHandlers.RecipeExecutionStepHandler - Default - INFO Finished executing recipe step 'Feature'.
2019-06-28 03:08:32,757 [10] Orchard.Recipes.Services.RecipeScheduler - Default - INFO Scheduling next step of recipe.
2019-06-28 03:08:34,808 [10] Orchard.Recipes.Services.RecipeStepQueue - Default - INFO Dequeuing recipe steps.
2019-06-28 03:08:34,811 [10] Orchard.Recipes.Services.RecipeStepQueue - Default - INFO Dequeuing recipe step 'ContentDefinition'.
2019-06-28 03:08:34,813 [10] Orchard.Recipes.Services.RecipeStepExecutor - Default - INFO Executing recipe step 'ContentDefinition'.
2019-06-28 03:08:34,816 [10] Orchard.Recipes.Providers.RecipeHandlers.RecipeExecutionStepHandler - Default - INFO Executing recipe step 'ContentDefinition'.
2019-06-28 03:08:34,820 [10] Orchard.Recipes.Services.RecipeExecutionLogger - Default - INFO ContentDefinitionStep: Importing content type 'Page'.
2019-06-28 03:08:34,922 [10] Orchard.Recipes.Services.RecipeExecutionLogger - Default - INFO ContentDefinitionStep: Importing content type 'BlogPost'.
2019-06-28 03:08:34,957 [10] Orchard.Recipes.Services.RecipeExecutionLogger - Default - INFO ContentDefinitionStep: Importing content part 'BodyPart'.
2019-06-28 03:08:34,968 [10] Orchard.Recipes.Providers.RecipeHandlers.RecipeExecutionStepHandler - Default - INFO Finished executing recipe step 'ContentDefinition'.
2019-06-28 03:08:34,978 [10] Orchard.Recipes.Services.RecipeScheduler - Default - INFO Scheduling next step of recipe.
2019-06-28 03:08:35,084 [10] Orchard.Recipes.Services.RecipeStepQueue - Default - INFO Dequeuing recipe steps.
2019-06-28 03:08:35,087 [10] Orchard.Recipes.Services.RecipeStepQueue - Default - INFO Dequeuing recipe step 'Settings'.
2019-06-28 03:08:35,089 [10] Orchard.Recipes.Services.RecipeStepExecutor - Default - INFO Executing recipe step 'Settings'.
2019-06-28 03:08:35,092 [10] Orchard.Recipes.Providers.RecipeHandlers.RecipeExecutionStepHandler - Default - INFO Executing recipe step 'Settings'.
2019-06-28 03:08:35,218 [10] Orchard.Recipes.Providers.RecipeHandlers.RecipeExecutionStepHandler - Default - INFO Finished executing recipe step 'Settings'.
2019-06-28 03:08:35,225 [10] Orchard.Recipes.Services.RecipeScheduler - Default - INFO Scheduling next step of recipe.
2019-06-28 03:08:35,320 [10] Orchard.Recipes.Services.RecipeStepQueue - Default - INFO Dequeuing recipe steps.
2019-06-28 03:08:35,323 [10] Orchard.Recipes.Services.RecipeStepQueue - Default - INFO Dequeuing recipe step 'Migration'.
2019-06-28 03:08:35,326 [10] Orchard.Recipes.Services.RecipeStepExecutor - Default - INFO Executing recipe step 'Migration'.
2019-06-28 03:08:35,328 [10] Orchard.Recipes.Providers.RecipeHandlers.RecipeExecutionStepHandler - Default - INFO Executing recipe step 'Migration'.
2019-06-28 03:08:35,405 [10] Orchard.Recipes.Providers.RecipeHandlers.RecipeExecutionStepHandler - Default - INFO Finished executing recipe step 'Migration'.
2019-06-28 03:08:35,411 [10] Orchard.Recipes.Services.RecipeScheduler - Default - INFO Scheduling next step of recipe.
2019-06-28 03:08:35,502 [10] Orchard.Recipes.Services.RecipeStepQueue - Default - INFO Dequeuing recipe steps.
2019-06-28 03:08:35,505 [10] Orchard.Recipes.Services.RecipeStepQueue - Default - INFO Dequeuing recipe step 'Command'.
2019-06-28 03:08:35,507 [10] Orchard.Recipes.Services.RecipeStepExecutor - Default - INFO Executing recipe step 'Command'.
2019-06-28 03:08:35,510 [10] Orchard.Recipes.Providers.RecipeHandlers.RecipeExecutionStepHandler - Default - INFO Executing recipe step 'Command'.
2019-06-28 03:08:35,513 [10] Orchard.Recipes.Services.RecipeExecutionLogger - Default - INFO CommandStep: Executing command: layer create Default /LayerRule:"true" /Description:"The widgets in this layer are displayed on all pages"
2019-06-28 03:08:35,746 [10] Orchard.Recipes.Services.RecipeExecutionLogger - Default - INFO CommandStep: Executing command: layer create Authenticated /LayerRule:"authenticated" /Description:"The widgets in this layer are displayed when the user is authenticated"
2019-06-28 03:08:35,764 [10] Orchard.Recipes.Services.RecipeExecutionLogger - Default - INFO CommandStep: Executing command: layer create Anonymous /LayerRule:"not authenticated" /Description:"The widgets in this layer are displayed when the user is anonymous"
2019-06-28 03:08:35,782 [10] Orchard.Recipes.Services.RecipeExecutionLogger - Default - INFO CommandStep: Executing command: layer create Disabled /LayerRule:"false" /Description:"The widgets in this layer are never displayed"
2019-06-28 03:08:35,800 [10] Orchard.Recipes.Services.RecipeExecutionLogger - Default - INFO CommandStep: Executing command: layer create TheHomepage /LayerRule:"url '~/'" /Description:"The widgets in this layer are displayed on the home page"
2019-06-28 03:08:35,818 [10] Orchard.Recipes.Services.RecipeExecutionLogger - Default - INFO CommandStep: Executing command: site setting set baseurl
2019-06-28 03:08:35,823 [10] Orchard.Recipes.Services.RecipeExecutionLogger - Default - INFO CommandStep: Executing command: menu create /MenuName:"Main Menu"
2019-06-28 03:08:35,842 [10] Orchard.Recipes.Services.RecipeExecutionLogger - Default - INFO CommandStep: Executing command: page create /Slug:"welcome-to-orchard" /Title:"Welcome to Orchard!" /Path:"welcome-to-orchard" /Homepage:true /Publish:true /UseWelcomeText:true
2019-06-28 03:08:36,244 [10] Orchard.Recipes.Services.RecipeExecutionLogger - Default - INFO CommandStep: Executing command: menuitem create /MenuPosition:"0" /MenuText:"Home" /Url:"~/" /MenuName:"Main Menu"
2019-06-28 03:08:36,286 [10] Orchard.Recipes.Services.RecipeExecutionLogger - Default - INFO CommandStep: Executing command: widget create MenuWidget /Title:"Main Menu" /RenderTitle:false /Zone:"Navigation" /Position:"1" /Layer:"Default" /Identity:"MenuWidget1" /MenuName:"Main Menu"
2019-06-28 03:08:36,348 [10] Orchard.Recipes.Services.RecipeExecutionLogger - Default - INFO CommandStep: Executing command: theme activate "The Theme Machine"
2019-06-28 03:08:36,352 [10] Orchard.Recipes.Providers.RecipeHandlers.RecipeExecutionStepHandler - Default - INFO Finished executing recipe step 'Command'.
2019-06-28 03:08:36,360 [10] Orchard.Recipes.Services.RecipeScheduler - Default - INFO Scheduling next step of recipe.
2019-06-28 03:08:36,476 [10] Orchard.Recipes.Services.RecipeStepQueue - Default - INFO Dequeuing recipe steps.
2019-06-28 03:08:36,478 [10] Orchard.Recipes.Services.RecipeStepQueue - Default - INFO Dequeuing recipe step 'ActivateShell'.
2019-06-28 03:08:36,481 [10] Orchard.Recipes.Services.RecipeStepExecutor - Default - INFO Executing recipe step 'ActivateShell'.
2019-06-28 03:08:36,484 [10] Orchard.Recipes.Providers.RecipeHandlers.RecipeExecutionStepHandler - Default - INFO Executing recipe step 'ActivateShell'.
2019-06-28 03:08:36,490 [10] Orchard.Recipes.Providers.RecipeHandlers.RecipeExecutionStepHandler - Default - INFO Finished executing recipe step 'ActivateShell'.
2019-06-28 03:08:36,568 [10] Orchard.Recipes.Services.RecipeScheduler - Default - INFO Scheduling next step of recipe.
2019-06-28 03:08:36,689 [10] Orchard.Recipes.Services.RecipeStepQueue - Default - INFO Dequeuing recipe steps.
2019-06-28 03:08:36,691 [10] Orchard.Recipes.Services.RecipeStepExecutor - Default - INFO No more recipe steps left to execute.
2019-06-28 03:08:36,694 [10] Orchard.Recipes.Services.RecipeScheduler - Default - INFO All recipe steps executed; restarting shell.
2019-06-28 03:59:57,988 [35] Orchard.Environment.DefaultBuildManager - (null) - WARN Error when compiling assembly under ~/Modules/Erdem.WebShop/Erdem.WebShop.csproj.
System.Configuration.ConfigurationErrorsException: Her yapýlandýrma dosyasý için yalnýzca bir <configSections> öðesine izin verilir ve varsa bu öðe kök <configuration> öðesinin ilk alt öðesi olmalýdýr. (C:\Projeler\version 3\Orchard-1.10.3\src\Orchard.Web\modules\erdem.webshop\web.config line 9)
   konum: System.Configuration.ConfigurationSchemaErrors.ThrowIfErrors(Boolean ignoreLocal)
   konum: System.Configuration.BaseConfigurationRecord.ThrowIfParseErrors(ConfigurationSchemaErrors schemaErrors)
   konum: System.Configuration.BaseConfigurationRecord.GetSectionRecursive(String configKey, Boolean getLkg, Boolean checkPermission, Boolean getRuntimeObject, Boolean requestIsHere, Object& result, Object& resultRuntimeObject)
   konum: System.Configuration.BaseConfigurationRecord.GetSection(String configKey)
   konum: System.Web.Configuration.RuntimeConfig.GetSectionObject(String sectionName)
   konum: System.Web.Configuration.RuntimeConfig.GetSection(String sectionName, Type type, ResultsIndex index)
   konum: System.Web.Configuration.RuntimeConfig.get_Compilation()
   konum: MTConfigUtil.GetCompilationConfig(String vpath)
   konum: System.Web.Compilation.BuildManager.IsBatchEnabledForDirectory(VirtualPath virtualDir)
   konum: System.Web.Compilation.BuildManager.CompileWebFile(VirtualPath virtualPath)
   konum: System.Web.Compilation.BuildManager.GetVPathBuildResultInternal(VirtualPath virtualPath, Boolean noBuild, Boolean allowCrossApp, Boolean allowBuildInPrecompile, Boolean throwIfNotFound, Boolean ensureIsUpToDate)
   konum: System.Web.Compilation.BuildManager.GetVPathBuildResultWithNoAssert(HttpContext context, VirtualPath virtualPath, Boolean noBuild, Boolean allowCrossApp, Boolean allowBuildInPrecompile, Boolean throwIfNotFound, Boolean ensureIsUpToDate)
   konum: System.Web.Compilation.BuildManager.GetVPathBuildResult(HttpContext context, VirtualPath virtualPath, Boolean noBuild, Boolean allowCrossApp, Boolean allowBuildInPrecompile, Boolean ensureIsUpToDate)
   konum: System.Web.Compilation.BuildManager.GetCompiledAssembly(String virtualPath)
   konum: Orchard.Environment.DefaultBuildManager.GetCompiledAssembly(String virtualPath) C:\Projeler\version 3\Orchard-1.10.3\src\Orchard\Environment\IBuildManager.cs içinde: satýr 53
2019-06-28 03:59:58,026 [35] Orchard.Environment.Extensions.ExtensionManager - (null) - WARN No suitable loader found for extension "Erdem.WebShop"
2019-06-28 04:00:04,857 [7] Orchard.Environment.DefaultBuildManager - (null) - WARN Error when compiling assembly under ~/Modules/Erdem.WebShop/Erdem.WebShop.csproj.
System.Configuration.ConfigurationErrorsException: Her yapýlandýrma dosyasý için yalnýzca bir <configSections> öðesine izin verilir ve varsa bu öðe kök <configuration> öðesinin ilk alt öðesi olmalýdýr. (C:\Projeler\version 3\Orchard-1.10.3\src\Orchard.Web\modules\erdem.webshop\web.config line 9)
   konum: System.Configuration.ConfigurationSchemaErrors.ThrowIfErrors(Boolean ignoreLocal)
   konum: System.Configuration.BaseConfigurationRecord.ThrowIfParseErrors(ConfigurationSchemaErrors schemaErrors)
   konum: System.Configuration.BaseConfigurationRecord.GetSectionRecursive(String configKey, Boolean getLkg, Boolean checkPermission, Boolean getRuntimeObject, Boolean requestIsHere, Object& result, Object& resultRuntimeObject)
   konum: System.Configuration.BaseConfigurationRecord.GetSection(String configKey)
   konum: System.Web.Configuration.RuntimeConfig.GetSectionObject(String sectionName)
   konum: System.Web.Configuration.RuntimeConfig.GetSection(String sectionName, Type type, ResultsIndex index)
   konum: System.Web.Configuration.RuntimeConfig.get_Compilation()
   konum: MTConfigUtil.GetCompilationConfig(String vpath)
   konum: System.Web.Compilation.BuildManager.IsBatchEnabledForDirectory(VirtualPath virtualDir)
   konum: System.Web.Compilation.BuildManager.CompileWebFile(VirtualPath virtualPath)
   konum: System.Web.Compilation.BuildManager.GetVPathBuildResultInternal(VirtualPath virtualPath, Boolean noBuild, Boolean allowCrossApp, Boolean allowBuildInPrecompile, Boolean throwIfNotFound, Boolean ensureIsUpToDate)
   konum: System.Web.Compilation.BuildManager.GetVPathBuildResultWithNoAssert(HttpContext context, VirtualPath virtualPath, Boolean noBuild, Boolean allowCrossApp, Boolean allowBuildInPrecompile, Boolean throwIfNotFound, Boolean ensureIsUpToDate)
   konum: System.Web.Compilation.BuildManager.GetVPathBuildResult(HttpContext context, VirtualPath virtualPath, Boolean noBuild, Boolean allowCrossApp, Boolean allowBuildInPrecompile, Boolean ensureIsUpToDate)
   konum: System.Web.Compilation.BuildManager.GetCompiledAssembly(String virtualPath)
   konum: Orchard.Environment.DefaultBuildManager.GetCompiledAssembly(String virtualPath) C:\Projeler\version 3\Orchard-1.10.3\src\Orchard\Environment\IBuildManager.cs içinde: satýr 53
2019-06-28 04:00:04,929 [7] Orchard.Environment.DefaultBuildManager - (null) - WARN Error when compiling assembly under ~/Modules/Erdem.WebShop/Erdem.WebShop.csproj.
System.Configuration.ConfigurationErrorsException: Her yapýlandýrma dosyasý için yalnýzca bir <configSections> öðesine izin verilir ve varsa bu öðe kök <configuration> öðesinin ilk alt öðesi olmalýdýr. (C:\Projeler\version 3\Orchard-1.10.3\src\Orchard.Web\modules\erdem.webshop\web.config line 9)
   konum: System.Configuration.ConfigurationSchemaErrors.ThrowIfErrors(Boolean ignoreLocal)
   konum: System.Configuration.BaseConfigurationRecord.ThrowIfParseErrors(ConfigurationSchemaErrors schemaErrors)
   konum: System.Configuration.BaseConfigurationRecord.GetSectionRecursive(String configKey, Boolean getLkg, Boolean checkPermission, Boolean getRuntimeObject, Boolean requestIsHere, Object& result, Object& resultRuntimeObject)
   konum: System.Configuration.BaseConfigurationRecord.GetSection(String configKey)
   konum: System.Web.Configuration.RuntimeConfig.GetSectionObject(String sectionName)
   konum: System.Web.Configuration.RuntimeConfig.GetSection(String sectionName, Type type, ResultsIndex index)
   konum: System.Web.Configuration.RuntimeConfig.get_Compilation()
   konum: MTConfigUtil.GetCompilationConfig(String vpath)
   konum: System.Web.Compilation.BuildManager.IsBatchEnabledForDirectory(VirtualPath virtualDir)
   konum: System.Web.Compilation.BuildManager.CompileWebFile(VirtualPath virtualPath)
   konum: System.Web.Compilation.BuildManager.GetVPathBuildResultInternal(VirtualPath virtualPath, Boolean noBuild, Boolean allowCrossApp, Boolean allowBuildInPrecompile, Boolean throwIfNotFound, Boolean ensureIsUpToDate)
   konum: System.Web.Compilation.BuildManager.GetVPathBuildResultWithNoAssert(HttpContext context, VirtualPath virtualPath, Boolean noBuild, Boolean allowCrossApp, Boolean allowBuildInPrecompile, Boolean throwIfNotFound, Boolean ensureIsUpToDate)
   konum: System.Web.Compilation.BuildManager.GetVPathBuildResult(HttpContext context, VirtualPath virtualPath, Boolean noBuild, Boolean allowCrossApp, Boolean allowBuildInPrecompile, Boolean ensureIsUpToDate)
   konum: System.Web.Compilation.BuildManager.GetCompiledAssembly(String virtualPath)
   konum: Orchard.Environment.DefaultBuildManager.GetCompiledAssembly(String virtualPath) C:\Projeler\version 3\Orchard-1.10.3\src\Orchard\Environment\IBuildManager.cs içinde: satýr 53
2019-06-28 04:00:04,944 [7] Orchard.Environment.DefaultBuildManager - (null) - WARN Error when compiling assembly under ~/Modules/Erdem.WebShop/Erdem.WebShop.csproj.
System.Configuration.ConfigurationErrorsException: Her yapýlandýrma dosyasý için yalnýzca bir <configSections> öðesine izin verilir ve varsa bu öðe kök <configuration> öðesinin ilk alt öðesi olmalýdýr. (C:\Projeler\version 3\Orchard-1.10.3\src\Orchard.Web\modules\erdem.webshop\web.config line 9)
   konum: System.Configuration.ConfigurationSchemaErrors.ThrowIfErrors(Boolean ignoreLocal)
   konum: System.Configuration.BaseConfigurationRecord.ThrowIfParseErrors(ConfigurationSchemaErrors schemaErrors)
   konum: System.Configuration.BaseConfigurationRecord.GetSectionRecursive(String configKey, Boolean getLkg, Boolean checkPermission, Boolean getRuntimeObject, Boolean requestIsHere, Object& result, Object& resultRuntimeObject)
   konum: System.Configuration.BaseConfigurationRecord.GetSection(String configKey)
   konum: System.Web.Configuration.RuntimeConfig.GetSectionObject(String sectionName)
   konum: System.Web.Configuration.RuntimeConfig.GetSection(String sectionName, Type type, ResultsIndex index)
   konum: System.Web.Configuration.RuntimeConfig.get_Compilation()
   konum: MTConfigUtil.GetCompilationConfig(String vpath)
   konum: System.Web.Compilation.BuildManager.IsBatchEnabledForDirectory(VirtualPath virtualDir)
   konum: System.Web.Compilation.BuildManager.CompileWebFile(VirtualPath virtualPath)
   konum: System.Web.Compilation.BuildManager.GetVPathBuildResultInternal(VirtualPath virtualPath, Boolean noBuild, Boolean allowCrossApp, Boolean allowBuildInPrecompile, Boolean throwIfNotFound, Boolean ensureIsUpToDate)
   konum: System.Web.Compilation.BuildManager.GetVPathBuildResultWithNoAssert(HttpContext context, VirtualPath virtualPath, Boolean noBuild, Boolean allowCrossApp, Boolean allowBuildInPrecompile, Boolean throwIfNotFound, Boolean ensureIsUpToDate)
   konum: System.Web.Compilation.BuildManager.GetVPathBuildResult(HttpContext context, VirtualPath virtualPath, Boolean noBuild, Boolean allowCrossApp, Boolean allowBuildInPrecompile, Boolean ensureIsUpToDate)
   konum: System.Web.Compilation.BuildManager.GetCompiledAssembly(String virtualPath)
   konum: Orchard.Environment.DefaultBuildManager.GetCompiledAssembly(String virtualPath) C:\Projeler\version 3\Orchard-1.10.3\src\Orchard\Environment\IBuildManager.cs içinde: satýr 53
2019-06-28 04:00:04,957 [7] Orchard.Environment.DefaultBuildManager - (null) - WARN Error when compiling assembly under ~/Modules/Erdem.WebShop/Erdem.WebShop.csproj.
System.Configuration.ConfigurationErrorsException: Her yapýlandýrma dosyasý için yalnýzca bir <configSections> öðesine izin verilir ve varsa bu öðe kök <configuration> öðesinin ilk alt öðesi olmalýdýr. (C:\Projeler\version 3\Orchard-1.10.3\src\Orchard.Web\modules\erdem.webshop\web.config line 9)
   konum: System.Configuration.ConfigurationSchemaErrors.ThrowIfErrors(Boolean ignoreLocal)
   konum: System.Configuration.BaseConfigurationRecord.ThrowIfParseErrors(ConfigurationSchemaErrors schemaErrors)
   konum: System.Configuration.BaseConfigurationRecord.GetSectionRecursive(String configKey, Boolean getLkg, Boolean checkPermission, Boolean getRuntimeObject, Boolean requestIsHere, Object& result, Object& resultRuntimeObject)
   konum: System.Configuration.BaseConfigurationRecord.GetSection(String configKey)
   konum: System.Web.Configuration.RuntimeConfig.GetSectionObject(String sectionName)
   konum: System.Web.Configuration.RuntimeConfig.GetSection(String sectionName, Type type, ResultsIndex index)
   konum: System.Web.Configuration.RuntimeConfig.get_Compilation()
   konum: MTConfigUtil.GetCompilationConfig(String vpath)
   konum: System.Web.Compilation.BuildManager.IsBatchEnabledForDirectory(VirtualPath virtualDir)
   konum: System.Web.Compilation.BuildManager.CompileWebFile(VirtualPath virtualPath)
   konum: System.Web.Compilation.BuildManager.GetVPathBuildResultInternal(VirtualPath virtualPath, Boolean noBuild, Boolean allowCrossApp, Boolean allowBuildInPrecompile, Boolean throwIfNotFound, Boolean ensureIsUpToDate)
   konum: System.Web.Compilation.BuildManager.GetVPathBuildResultWithNoAssert(HttpContext context, VirtualPath virtualPath, Boolean noBuild, Boolean allowCrossApp, Boolean allowBuildInPrecompile, Boolean throwIfNotFound, Boolean ensureIsUpToDate)
   konum: System.Web.Compilation.BuildManager.GetVPathBuildResult(HttpContext context, VirtualPath virtualPath, Boolean noBuild, Boolean allowCrossApp, Boolean allowBuildInPrecompile, Boolean ensureIsUpToDate)
   konum: System.Web.Compilation.BuildManager.GetCompiledAssembly(String virtualPath)
   konum: Orchard.Environment.DefaultBuildManager.GetCompiledAssembly(String virtualPath) C:\Projeler\version 3\Orchard-1.10.3\src\Orchard\Environment\IBuildManager.cs içinde: satýr 53
2019-06-28 04:00:04,963 [7] Orchard.Environment.DefaultBuildManager - (null) - WARN Error when compiling assembly under ~/Modules/Erdem.WebShop/Erdem.WebShop.csproj.
System.Configuration.ConfigurationErrorsException: Her yapýlandýrma dosyasý için yalnýzca bir <configSections> öðesine izin verilir ve varsa bu öðe kök <configuration> öðesinin ilk alt öðesi olmalýdýr. (C:\Projeler\version 3\Orchard-1.10.3\src\Orchard.Web\modules\erdem.webshop\web.config line 9)
   konum: System.Configuration.ConfigurationSchemaErrors.ThrowIfErrors(Boolean ignoreLocal)
   konum: System.Configuration.BaseConfigurationRecord.ThrowIfParseErrors(ConfigurationSchemaErrors schemaErrors)
   konum: System.Configuration.BaseConfigurationRecord.GetSectionRecursive(String configKey, Boolean getLkg, Boolean checkPermission, Boolean getRuntimeObject, Boolean requestIsHere, Object& result, Object& resultRuntimeObject)
   konum: System.Configuration.BaseConfigurationRecord.GetSection(String configKey)
   konum: System.Web.Configuration.RuntimeConfig.GetSectionObject(String sectionName)
   konum: System.Web.Configuration.RuntimeConfig.GetSection(String sectionName, Type type, ResultsIndex index)
   konum: System.Web.Configuration.RuntimeConfig.get_Compilation()
   konum: MTConfigUtil.GetCompilationConfig(String vpath)
   konum: System.Web.Compilation.BuildManager.IsBatchEnabledForDirectory(VirtualPath virtualDir)
   konum: System.Web.Compilation.BuildManager.CompileWebFile(VirtualPath virtualPath)
   konum: System.Web.Compilation.BuildManager.GetVPathBuildResultInternal(VirtualPath virtualPath, Boolean noBuild, Boolean allowCrossApp, Boolean allowBuildInPrecompile, Boolean throwIfNotFound, Boolean ensureIsUpToDate)
   konum: System.Web.Compilation.BuildManager.GetVPathBuildResultWithNoAssert(HttpContext context, VirtualPath virtualPath, Boolean noBuild, Boolean allowCrossApp, Boolean allowBuildInPrecompile, Boolean throwIfNotFound, Boolean ensureIsUpToDate)
   konum: System.Web.Compilation.BuildManager.GetVPathBuildResult(HttpContext context, VirtualPath virtualPath, Boolean noBuild, Boolean allowCrossApp, Boolean allowBuildInPrecompile, Boolean ensureIsUpToDate)
   konum: System.Web.Compilation.BuildManager.GetCompiledAssembly(String virtualPath)
   konum: Orchard.Environment.DefaultBuildManager.GetCompiledAssembly(String virtualPath) C:\Projeler\version 3\Orchard-1.10.3\src\Orchard\Environment\IBuildManager.cs içinde: satýr 53
2019-06-28 04:00:04,976 [7] Orchard.Environment.DefaultBuildManager - (null) - WARN Error when compiling assembly under ~/Modules/Erdem.WebShop/Erdem.WebShop.csproj.
System.Configuration.ConfigurationErrorsException: Her yapýlandýrma dosyasý için yalnýzca bir <configSections> öðesine izin verilir ve varsa bu öðe kök <configuration> öðesinin ilk alt öðesi olmalýdýr. (C:\Projeler\version 3\Orchard-1.10.3\src\Orchard.Web\modules\erdem.webshop\web.config line 9)
   konum: System.Configuration.ConfigurationSchemaErrors.ThrowIfErrors(Boolean ignoreLocal)
   konum: System.Configuration.BaseConfigurationRecord.ThrowIfParseErrors(ConfigurationSchemaErrors schemaErrors)
   konum: System.Configuration.BaseConfigurationRecord.GetSectionRecursive(String configKey, Boolean getLkg, Boolean checkPermission, Boolean getRuntimeObject, Boolean requestIsHere, Object& result, Object& resultRuntimeObject)
   konum: System.Configuration.BaseConfigurationRecord.GetSection(String configKey)
   konum: System.Web.Configuration.RuntimeConfig.GetSectionObject(String sectionName)
   konum: System.Web.Configuration.RuntimeConfig.GetSection(String sectionName, Type type, ResultsIndex index)
   konum: System.Web.Configuration.RuntimeConfig.get_Compilation()
   konum: MTConfigUtil.GetCompilationConfig(String vpath)
   konum: System.Web.Compilation.BuildManager.IsBatchEnabledForDirectory(VirtualPath virtualDir)
   konum: System.Web.Compilation.BuildManager.CompileWebFile(VirtualPath virtualPath)
   konum: System.Web.Compilation.BuildManager.GetVPathBuildResultInternal(VirtualPath virtualPath, Boolean noBuild, Boolean allowCrossApp, Boolean allowBuildInPrecompile, Boolean throwIfNotFound, Boolean ensureIsUpToDate)
   konum: System.Web.Compilation.BuildManager.GetVPathBuildResultWithNoAssert(HttpContext context, VirtualPath virtualPath, Boolean noBuild, Boolean allowCrossApp, Boolean allowBuildInPrecompile, Boolean throwIfNotFound, Boolean ensureIsUpToDate)
   konum: System.Web.Compilation.BuildManager.GetVPathBuildResult(HttpContext context, VirtualPath virtualPath, Boolean noBuild, Boolean allowCrossApp, Boolean allowBuildInPrecompile, Boolean ensureIsUpToDate)
   konum: System.Web.Compilation.BuildManager.GetCompiledAssembly(String virtualPath)
   konum: Orchard.Environment.DefaultBuildManager.GetCompiledAssembly(String virtualPath) C:\Projeler\version 3\Orchard-1.10.3\src\Orchard\Environment\IBuildManager.cs içinde: satýr 53
2019-06-28 04:11:11,093 [19] Orchard.Environment.DefaultBuildManager - (null) - WARN Error when compiling assembly under ~/Modules/Erdem.WebShop/Erdem.WebShop.csproj.
System.Configuration.ConfigurationErrorsException: Her yapýlandýrma dosyasý için yalnýzca bir <configSections> öðesine izin verilir ve varsa bu öðe kök <configuration> öðesinin ilk alt öðesi olmalýdýr. (C:\Projeler\version 3\Orchard-1.10.3\src\Orchard.Web\modules\erdem.webshop\web.config line 9)
   konum: System.Configuration.ConfigurationSchemaErrors.ThrowIfErrors(Boolean ignoreLocal)
   konum: System.Configuration.BaseConfigurationRecord.ThrowIfParseErrors(ConfigurationSchemaErrors schemaErrors)
   konum: System.Configuration.BaseConfigurationRecord.GetSectionRecursive(String configKey, Boolean getLkg, Boolean checkPermission, Boolean getRuntimeObject, Boolean requestIsHere, Object& result, Object& resultRuntimeObject)
   konum: System.Configuration.BaseConfigurationRecord.GetSection(String configKey)
   konum: System.Web.Configuration.RuntimeConfig.GetSectionObject(String sectionName)
   konum: System.Web.Configuration.RuntimeConfig.GetSection(String sectionName, Type type, ResultsIndex index)
   konum: System.Web.Configuration.RuntimeConfig.get_Compilation()
   konum: MTConfigUtil.GetCompilationConfig(String vpath)
   konum: System.Web.Compilation.BuildManager.IsBatchEnabledForDirectory(VirtualPath virtualDir)
   konum: System.Web.Compilation.BuildManager.CompileWebFile(VirtualPath virtualPath)
   konum: System.Web.Compilation.BuildManager.GetVPathBuildResultInternal(VirtualPath virtualPath, Boolean noBuild, Boolean allowCrossApp, Boolean allowBuildInPrecompile, Boolean throwIfNotFound, Boolean ensureIsUpToDate)
   konum: System.Web.Compilation.BuildManager.GetVPathBuildResultWithNoAssert(HttpContext context, VirtualPath virtualPath, Boolean noBuild, Boolean allowCrossApp, Boolean allowBuildInPrecompile, Boolean throwIfNotFound, Boolean ensureIsUpToDate)
   konum: System.Web.Compilation.BuildManager.GetVPathBuildResult(HttpContext context, VirtualPath virtualPath, Boolean noBuild, Boolean allowCrossApp, Boolean allowBuildInPrecompile, Boolean ensureIsUpToDate)
   konum: System.Web.Compilation.BuildManager.GetCompiledAssembly(String virtualPath)
   konum: Orchard.Environment.DefaultBuildManager.GetCompiledAssembly(String virtualPath) C:\Projeler\version 3\Orchard-1.10.3\src\Orchard\Environment\IBuildManager.cs içinde: satýr 53
2019-06-28 04:11:11,123 [19] Orchard.Environment.Extensions.ExtensionManager - (null) - WARN No suitable loader found for extension "Erdem.WebShop"
2019-06-28 04:11:16,983 [38] Orchard.Environment.DefaultBuildManager - (null) - WARN Error when compiling assembly under ~/Modules/Erdem.WebShop/Erdem.WebShop.csproj.
System.Configuration.ConfigurationErrorsException: Her yapýlandýrma dosyasý için yalnýzca bir <configSections> öðesine izin verilir ve varsa bu öðe kök <configuration> öðesinin ilk alt öðesi olmalýdýr. (C:\Projeler\version 3\Orchard-1.10.3\src\Orchard.Web\modules\erdem.webshop\web.config line 9)
   konum: System.Configuration.ConfigurationSchemaErrors.ThrowIfErrors(Boolean ignoreLocal)
   konum: System.Configuration.BaseConfigurationRecord.ThrowIfParseErrors(ConfigurationSchemaErrors schemaErrors)
   konum: System.Configuration.BaseConfigurationRecord.GetSectionRecursive(String configKey, Boolean getLkg, Boolean checkPermission, Boolean getRuntimeObject, Boolean requestIsHere, Object& result, Object& resultRuntimeObject)
   konum: System.Configuration.BaseConfigurationRecord.GetSection(String configKey)
   konum: System.Web.Configuration.RuntimeConfig.GetSectionObject(String sectionName)
   konum: System.Web.Configuration.RuntimeConfig.GetSection(String sectionName, Type type, ResultsIndex index)
   konum: System.Web.Configuration.RuntimeConfig.get_Compilation()
   konum: MTConfigUtil.GetCompilationConfig(String vpath)
   konum: System.Web.Compilation.BuildManager.IsBatchEnabledForDirectory(VirtualPath virtualDir)
   konum: System.Web.Compilation.BuildManager.CompileWebFile(VirtualPath virtualPath)
   konum: System.Web.Compilation.BuildManager.GetVPathBuildResultInternal(VirtualPath virtualPath, Boolean noBuild, Boolean allowCrossApp, Boolean allowBuildInPrecompile, Boolean throwIfNotFound, Boolean ensureIsUpToDate)
   konum: System.Web.Compilation.BuildManager.GetVPathBuildResultWithNoAssert(HttpContext context, VirtualPath virtualPath, Boolean noBuild, Boolean allowCrossApp, Boolean allowBuildInPrecompile, Boolean throwIfNotFound, Boolean ensureIsUpToDate)
   konum: System.Web.Compilation.BuildManager.GetVPathBuildResult(HttpContext context, VirtualPath virtualPath, Boolean noBuild, Boolean allowCrossApp, Boolean allowBuildInPrecompile, Boolean ensureIsUpToDate)
   konum: System.Web.Compilation.BuildManager.GetCompiledAssembly(String virtualPath)
   konum: Orchard.Environment.DefaultBuildManager.GetCompiledAssembly(String virtualPath) C:\Projeler\version 3\Orchard-1.10.3\src\Orchard\Environment\IBuildManager.cs içinde: satýr 53
2019-06-28 04:11:17,039 [38] Orchard.Environment.DefaultBuildManager - (null) - WARN Error when compiling assembly under ~/Modules/Erdem.WebShop/Erdem.WebShop.csproj.
System.Configuration.ConfigurationErrorsException: Her yapýlandýrma dosyasý için yalnýzca bir <configSections> öðesine izin verilir ve varsa bu öðe kök <configuration> öðesinin ilk alt öðesi olmalýdýr. (C:\Projeler\version 3\Orchard-1.10.3\src\Orchard.Web\modules\erdem.webshop\web.config line 9)
   konum: System.Configuration.ConfigurationSchemaErrors.ThrowIfErrors(Boolean ignoreLocal)
   konum: System.Configuration.BaseConfigurationRecord.ThrowIfParseErrors(ConfigurationSchemaErrors schemaErrors)
   konum: System.Configuration.BaseConfigurationRecord.GetSectionRecursive(String configKey, Boolean getLkg, Boolean checkPermission, Boolean getRuntimeObject, Boolean requestIsHere, Object& result, Object& resultRuntimeObject)
   konum: System.Configuration.BaseConfigurationRecord.GetSection(String configKey)
   konum: System.Web.Configuration.RuntimeConfig.GetSectionObject(String sectionName)
   konum: System.Web.Configuration.RuntimeConfig.GetSection(String sectionName, Type type, ResultsIndex index)
   konum: System.Web.Configuration.RuntimeConfig.get_Compilation()
   konum: MTConfigUtil.GetCompilationConfig(String vpath)
   konum: System.Web.Compilation.BuildManager.IsBatchEnabledForDirectory(VirtualPath virtualDir)
   konum: System.Web.Compilation.BuildManager.CompileWebFile(VirtualPath virtualPath)
   konum: System.Web.Compilation.BuildManager.GetVPathBuildResultInternal(VirtualPath virtualPath, Boolean noBuild, Boolean allowCrossApp, Boolean allowBuildInPrecompile, Boolean throwIfNotFound, Boolean ensureIsUpToDate)
   konum: System.Web.Compilation.BuildManager.GetVPathBuildResultWithNoAssert(HttpContext context, VirtualPath virtualPath, Boolean noBuild, Boolean allowCrossApp, Boolean allowBuildInPrecompile, Boolean throwIfNotFound, Boolean ensureIsUpToDate)
   konum: System.Web.Compilation.BuildManager.GetVPathBuildResult(HttpContext context, VirtualPath virtualPath, Boolean noBuild, Boolean allowCrossApp, Boolean allowBuildInPrecompile, Boolean ensureIsUpToDate)
   konum: System.Web.Compilation.BuildManager.GetCompiledAssembly(String virtualPath)
   konum: Orchard.Environment.DefaultBuildManager.GetCompiledAssembly(String virtualPath) C:\Projeler\version 3\Orchard-1.10.3\src\Orchard\Environment\IBuildManager.cs içinde: satýr 53
2019-06-28 04:11:17,054 [38] Orchard.Environment.DefaultBuildManager - (null) - WARN Error when compiling assembly under ~/Modules/Erdem.WebShop/Erdem.WebShop.csproj.
System.Configuration.ConfigurationErrorsException: Her yapýlandýrma dosyasý için yalnýzca bir <configSections> öðesine izin verilir ve varsa bu öðe kök <configuration> öðesinin ilk alt öðesi olmalýdýr. (C:\Projeler\version 3\Orchard-1.10.3\src\Orchard.Web\modules\erdem.webshop\web.config line 9)
   konum: System.Configuration.ConfigurationSchemaErrors.ThrowIfErrors(Boolean ignoreLocal)
   konum: System.Configuration.BaseConfigurationRecord.ThrowIfParseErrors(ConfigurationSchemaErrors schemaErrors)
   konum: System.Configuration.BaseConfigurationRecord.GetSectionRecursive(String configKey, Boolean getLkg, Boolean checkPermission, Boolean getRuntimeObject, Boolean requestIsHere, Object& result, Object& resultRuntimeObject)
   konum: System.Configuration.BaseConfigurationRecord.GetSection(String configKey)
   konum: System.Web.Configuration.RuntimeConfig.GetSectionObject(String sectionName)
   konum: System.Web.Configuration.RuntimeConfig.GetSection(String sectionName, Type type, ResultsIndex index)
   konum: System.Web.Configuration.RuntimeConfig.get_Compilation()
   konum: MTConfigUtil.GetCompilationConfig(String vpath)
   konum: System.Web.Compilation.BuildManager.IsBatchEnabledForDirectory(VirtualPath virtualDir)
   konum: System.Web.Compilation.BuildManager.CompileWebFile(VirtualPath virtualPath)
   konum: System.Web.Compilation.BuildManager.GetVPathBuildResultInternal(VirtualPath virtualPath, Boolean noBuild, Boolean allowCrossApp, Boolean allowBuildInPrecompile, Boolean throwIfNotFound, Boolean ensureIsUpToDate)
   konum: System.Web.Compilation.BuildManager.GetVPathBuildResultWithNoAssert(HttpContext context, VirtualPath virtualPath, Boolean noBuild, Boolean allowCrossApp, Boolean allowBuildInPrecompile, Boolean throwIfNotFound, Boolean ensureIsUpToDate)
   konum: System.Web.Compilation.BuildManager.GetVPathBuildResult(HttpContext context, VirtualPath virtualPath, Boolean noBuild, Boolean allowCrossApp, Boolean allowBuildInPrecompile, Boolean ensureIsUpToDate)
   konum: System.Web.Compilation.BuildManager.GetCompiledAssembly(String virtualPath)
   konum: Orchard.Environment.DefaultBuildManager.GetCompiledAssembly(String virtualPath) C:\Projeler\version 3\Orchard-1.10.3\src\Orchard\Environment\IBuildManager.cs içinde: satýr 53
2019-06-28 04:11:17,070 [38] Orchard.Environment.DefaultBuildManager - (null) - WARN Error when compiling assembly under ~/Modules/Erdem.WebShop/Erdem.WebShop.csproj.
System.Configuration.ConfigurationErrorsException: Her yapýlandýrma dosyasý için yalnýzca bir <configSections> öðesine izin verilir ve varsa bu öðe kök <configuration> öðesinin ilk alt öðesi olmalýdýr. (C:\Projeler\version 3\Orchard-1.10.3\src\Orchard.Web\modules\erdem.webshop\web.config line 9)
   konum: System.Configuration.ConfigurationSchemaErrors.ThrowIfErrors(Boolean ignoreLocal)
   konum: System.Configuration.BaseConfigurationRecord.ThrowIfParseErrors(ConfigurationSchemaErrors schemaErrors)
   konum: System.Configuration.BaseConfigurationRecord.GetSectionRecursive(String configKey, Boolean getLkg, Boolean checkPermission, Boolean getRuntimeObject, Boolean requestIsHere, Object& result, Object& resultRuntimeObject)
   konum: System.Configuration.BaseConfigurationRecord.GetSection(String configKey)
   konum: System.Web.Configuration.RuntimeConfig.GetSectionObject(String sectionName)
   konum: System.Web.Configuration.RuntimeConfig.GetSection(String sectionName, Type type, ResultsIndex index)
   konum: System.Web.Configuration.RuntimeConfig.get_Compilation()
   konum: MTConfigUtil.GetCompilationConfig(String vpath)
   konum: System.Web.Compilation.BuildManager.IsBatchEnabledForDirectory(VirtualPath virtualDir)
   konum: System.Web.Compilation.BuildManager.CompileWebFile(VirtualPath virtualPath)
   konum: System.Web.Compilation.BuildManager.GetVPathBuildResultInternal(VirtualPath virtualPath, Boolean noBuild, Boolean allowCrossApp, Boolean allowBuildInPrecompile, Boolean throwIfNotFound, Boolean ensureIsUpToDate)
   konum: System.Web.Compilation.BuildManager.GetVPathBuildResultWithNoAssert(HttpContext context, VirtualPath virtualPath, Boolean noBuild, Boolean allowCrossApp, Boolean allowBuildInPrecompile, Boolean throwIfNotFound, Boolean ensureIsUpToDate)
   konum: System.Web.Compilation.BuildManager.GetVPathBuildResult(HttpContext context, VirtualPath virtualPath, Boolean noBuild, Boolean allowCrossApp, Boolean allowBuildInPrecompile, Boolean ensureIsUpToDate)
   konum: System.Web.Compilation.BuildManager.GetCompiledAssembly(String virtualPath)
   konum: Orchard.Environment.DefaultBuildManager.GetCompiledAssembly(String virtualPath) C:\Projeler\version 3\Orchard-1.10.3\src\Orchard\Environment\IBuildManager.cs içinde: satýr 53
2019-06-28 04:11:17,085 [38] Orchard.Environment.DefaultBuildManager - (null) - WARN Error when compiling assembly under ~/Modules/Erdem.WebShop/Erdem.WebShop.csproj.
System.Configuration.ConfigurationErrorsException: Her yapýlandýrma dosyasý için yalnýzca bir <configSections> öðesine izin verilir ve varsa bu öðe kök <configuration> öðesinin ilk alt öðesi olmalýdýr. (C:\Projeler\version 3\Orchard-1.10.3\src\Orchard.Web\modules\erdem.webshop\web.config line 9)
   konum: System.Configuration.ConfigurationSchemaErrors.ThrowIfErrors(Boolean ignoreLocal)
   konum: System.Configuration.BaseConfigurationRecord.ThrowIfParseErrors(ConfigurationSchemaErrors schemaErrors)
   konum: System.Configuration.BaseConfigurationRecord.GetSectionRecursive(String configKey, Boolean getLkg, Boolean checkPermission, Boolean getRuntimeObject, Boolean requestIsHere, Object& result, Object& resultRuntimeObject)
   konum: System.Configuration.BaseConfigurationRecord.GetSection(String configKey)
   konum: System.Web.Configuration.RuntimeConfig.GetSectionObject(String sectionName)
   konum: System.Web.Configuration.RuntimeConfig.GetSection(String sectionName, Type type, ResultsIndex index)
   konum: System.Web.Configuration.RuntimeConfig.get_Compilation()
   konum: MTConfigUtil.GetCompilationConfig(String vpath)
   konum: System.Web.Compilation.BuildManager.IsBatchEnabledForDirectory(VirtualPath virtualDir)
   konum: System.Web.Compilation.BuildManager.CompileWebFile(VirtualPath virtualPath)
   konum: System.Web.Compilation.BuildManager.GetVPathBuildResultInternal(VirtualPath virtualPath, Boolean noBuild, Boolean allowCrossApp, Boolean allowBuildInPrecompile, Boolean throwIfNotFound, Boolean ensureIsUpToDate)
   konum: System.Web.Compilation.BuildManager.GetVPathBuildResultWithNoAssert(HttpContext context, VirtualPath virtualPath, Boolean noBuild, Boolean allowCrossApp, Boolean allowBuildInPrecompile, Boolean throwIfNotFound, Boolean ensureIsUpToDate)
   konum: System.Web.Compilation.BuildManager.GetVPathBuildResult(HttpContext context, VirtualPath virtualPath, Boolean noBuild, Boolean allowCrossApp, Boolean allowBuildInPrecompile, Boolean ensureIsUpToDate)
   konum: System.Web.Compilation.BuildManager.GetCompiledAssembly(String virtualPath)
   konum: Orchard.Environment.DefaultBuildManager.GetCompiledAssembly(String virtualPath) C:\Projeler\version 3\Orchard-1.10.3\src\Orchard\Environment\IBuildManager.cs içinde: satýr 53
2019-06-28 04:11:17,100 [38] Orchard.Environment.DefaultBuildManager - (null) - WARN Error when compiling assembly under ~/Modules/Erdem.WebShop/Erdem.WebShop.csproj.
System.Configuration.ConfigurationErrorsException: Her yapýlandýrma dosyasý için yalnýzca bir <configSections> öðesine izin verilir ve varsa bu öðe kök <configuration> öðesinin ilk alt öðesi olmalýdýr. (C:\Projeler\version 3\Orchard-1.10.3\src\Orchard.Web\modules\erdem.webshop\web.config line 9)
   konum: System.Configuration.ConfigurationSchemaErrors.ThrowIfErrors(Boolean ignoreLocal)
   konum: System.Configuration.BaseConfigurationRecord.ThrowIfParseErrors(ConfigurationSchemaErrors schemaErrors)
   konum: System.Configuration.BaseConfigurationRecord.GetSectionRecursive(String configKey, Boolean getLkg, Boolean checkPermission, Boolean getRuntimeObject, Boolean requestIsHere, Object& result, Object& resultRuntimeObject)
   konum: System.Configuration.BaseConfigurationRecord.GetSection(String configKey)
   konum: System.Web.Configuration.RuntimeConfig.GetSectionObject(String sectionName)
   konum: System.Web.Configuration.RuntimeConfig.GetSection(String sectionName, Type type, ResultsIndex index)
   konum: System.Web.Configuration.RuntimeConfig.get_Compilation()
   konum: MTConfigUtil.GetCompilationConfig(String vpath)
   konum: System.Web.Compilation.BuildManager.IsBatchEnabledForDirectory(VirtualPath virtualDir)
   konum: System.Web.Compilation.BuildManager.CompileWebFile(VirtualPath virtualPath)
   konum: System.Web.Compilation.BuildManager.GetVPathBuildResultInternal(VirtualPath virtualPath, Boolean noBuild, Boolean allowCrossApp, Boolean allowBuildInPrecompile, Boolean throwIfNotFound, Boolean ensureIsUpToDate)
   konum: System.Web.Compilation.BuildManager.GetVPathBuildResultWithNoAssert(HttpContext context, VirtualPath virtualPath, Boolean noBuild, Boolean allowCrossApp, Boolean allowBuildInPrecompile, Boolean throwIfNotFound, Boolean ensureIsUpToDate)
   konum: System.Web.Compilation.BuildManager.GetVPathBuildResult(HttpContext context, VirtualPath virtualPath, Boolean noBuild, Boolean allowCrossApp, Boolean allowBuildInPrecompile, Boolean ensureIsUpToDate)
   konum: System.Web.Compilation.BuildManager.GetCompiledAssembly(String virtualPath)
   konum: Orchard.Environment.DefaultBuildManager.GetCompiledAssembly(String virtualPath) C:\Projeler\version 3\Orchard-1.10.3\src\Orchard\Environment\IBuildManager.cs içinde: satýr 53
2019-06-28 04:11:29,191 [34] Orchard.Environment.DefaultBuildManager - (null) - WARN Error when compiling assembly under ~/Modules/Erdem.WebShop/Erdem.WebShop.csproj.
System.Configuration.ConfigurationErrorsException: Her yapýlandýrma dosyasý için yalnýzca bir <configSections> öðesine izin verilir ve varsa bu öðe kök <configuration> öðesinin ilk alt öðesi olmalýdýr. (C:\Projeler\version 3\Orchard-1.10.3\src\Orchard.Web\modules\erdem.webshop\web.config line 9)
   konum: System.Configuration.ConfigurationSchemaErrors.ThrowIfErrors(Boolean ignoreLocal)
   konum: System.Configuration.BaseConfigurationRecord.ThrowIfParseErrors(ConfigurationSchemaErrors schemaErrors)
   konum: System.Configuration.BaseConfigurationRecord.GetSectionRecursive(String configKey, Boolean getLkg, Boolean checkPermission, Boolean getRuntimeObject, Boolean requestIsHere, Object& result, Object& resultRuntimeObject)
   konum: System.Configuration.BaseConfigurationRecord.GetSection(String configKey)
   konum: System.Web.Configuration.RuntimeConfig.GetSectionObject(String sectionName)
   konum: System.Web.Configuration.RuntimeConfig.GetSection(String sectionName, Type type, ResultsIndex index)
   konum: System.Web.Configuration.RuntimeConfig.get_Compilation()
   konum: MTConfigUtil.GetCompilationConfig(String vpath)
   konum: System.Web.Compilation.BuildManager.IsBatchEnabledForDirectory(VirtualPath virtualDir)
   konum: System.Web.Compilation.BuildManager.CompileWebFile(VirtualPath virtualPath)
   konum: System.Web.Compilation.BuildManager.GetVPathBuildResultInternal(VirtualPath virtualPath, Boolean noBuild, Boolean allowCrossApp, Boolean allowBuildInPrecompile, Boolean throwIfNotFound, Boolean ensureIsUpToDate)
   konum: System.Web.Compilation.BuildManager.GetVPathBuildResultWithNoAssert(HttpContext context, VirtualPath virtualPath, Boolean noBuild, Boolean allowCrossApp, Boolean allowBuildInPrecompile, Boolean throwIfNotFound, Boolean ensureIsUpToDate)
   konum: System.Web.Compilation.BuildManager.GetVPathBuildResult(HttpContext context, VirtualPath virtualPath, Boolean noBuild, Boolean allowCrossApp, Boolean allowBuildInPrecompile, Boolean ensureIsUpToDate)
   konum: System.Web.Compilation.BuildManager.GetCompiledAssembly(String virtualPath)
   konum: Orchard.Environment.DefaultBuildManager.GetCompiledAssembly(String virtualPath) C:\Projeler\version 3\Orchard-1.10.3\src\Orchard\Environment\IBuildManager.cs içinde: satýr 53
2019-06-28 04:11:29,197 [34] Orchard.Environment.DefaultBuildManager - (null) - WARN Error when compiling assembly under ~/Modules/Erdem.WebShop/Erdem.WebShop.csproj.
System.Configuration.ConfigurationErrorsException: Her yapýlandýrma dosyasý için yalnýzca bir <configSections> öðesine izin verilir ve varsa bu öðe kök <configuration> öðesinin ilk alt öðesi olmalýdýr. (C:\Projeler\version 3\Orchard-1.10.3\src\Orchard.Web\modules\erdem.webshop\web.config line 9)
   konum: System.Configuration.ConfigurationSchemaErrors.ThrowIfErrors(Boolean ignoreLocal)
   konum: System.Configuration.BaseConfigurationRecord.ThrowIfParseErrors(ConfigurationSchemaErrors schemaErrors)
   konum: System.Configuration.BaseConfigurationRecord.GetSectionRecursive(String configKey, Boolean getLkg, Boolean checkPermission, Boolean getRuntimeObject, Boolean requestIsHere, Object& result, Object& resultRuntimeObject)
   konum: System.Configuration.BaseConfigurationRecord.GetSection(String configKey)
   konum: System.Web.Configuration.RuntimeConfig.GetSectionObject(String sectionName)
   konum: System.Web.Configuration.RuntimeConfig.GetSection(String sectionName, Type type, ResultsIndex index)
   konum: System.Web.Configuration.RuntimeConfig.get_Compilation()
   konum: MTConfigUtil.GetCompilationConfig(String vpath)
   konum: System.Web.Compilation.BuildManager.IsBatchEnabledForDirectory(VirtualPath virtualDir)
   konum: System.Web.Compilation.BuildManager.CompileWebFile(VirtualPath virtualPath)
   konum: System.Web.Compilation.BuildManager.GetVPathBuildResultInternal(VirtualPath virtualPath, Boolean noBuild, Boolean allowCrossApp, Boolean allowBuildInPrecompile, Boolean throwIfNotFound, Boolean ensureIsUpToDate)
   konum: System.Web.Compilation.BuildManager.GetVPathBuildResultWithNoAssert(HttpContext context, VirtualPath virtualPath, Boolean noBuild, Boolean allowCrossApp, Boolean allowBuildInPrecompile, Boolean throwIfNotFound, Boolean ensureIsUpToDate)
   konum: System.Web.Compilation.BuildManager.GetVPathBuildResult(HttpContext context, VirtualPath virtualPath, Boolean noBuild, Boolean allowCrossApp, Boolean allowBuildInPrecompile, Boolean ensureIsUpToDate)
   konum: System.Web.Compilation.BuildManager.GetCompiledAssembly(String virtualPath)
   konum: Orchard.Environment.DefaultBuildManager.GetCompiledAssembly(String virtualPath) C:\Projeler\version 3\Orchard-1.10.3\src\Orchard\Environment\IBuildManager.cs içinde: satýr 53
2019-06-28 04:11:29,210 [34] Orchard.Environment.DefaultBuildManager - (null) - WARN Error when compiling assembly under ~/Modules/Erdem.WebShop/Erdem.WebShop.csproj.
System.Configuration.ConfigurationErrorsException: Her yapýlandýrma dosyasý için yalnýzca bir <configSections> öðesine izin verilir ve varsa bu öðe kök <configuration> öðesinin ilk alt öðesi olmalýdýr. (C:\Projeler\version 3\Orchard-1.10.3\src\Orchard.Web\modules\erdem.webshop\web.config line 9)
   konum: System.Configuration.ConfigurationSchemaErrors.ThrowIfErrors(Boolean ignoreLocal)
   konum: System.Configuration.BaseConfigurationRecord.ThrowIfParseErrors(ConfigurationSchemaErrors schemaErrors)
   konum: System.Configuration.BaseConfigurationRecord.GetSectionRecursive(String configKey, Boolean getLkg, Boolean checkPermission, Boolean getRuntimeObject, Boolean requestIsHere, Object& result, Object& resultRuntimeObject)
   konum: System.Configuration.BaseConfigurationRecord.GetSection(String configKey)
   konum: System.Web.Configuration.RuntimeConfig.GetSectionObject(String sectionName)
   konum: System.Web.Configuration.RuntimeConfig.GetSection(String sectionName, Type type, ResultsIndex index)
   konum: System.Web.Configuration.RuntimeConfig.get_Compilation()
   konum: MTConfigUtil.GetCompilationConfig(String vpath)
   konum: System.Web.Compilation.BuildManager.IsBatchEnabledForDirectory(VirtualPath virtualDir)
   konum: System.Web.Compilation.BuildManager.CompileWebFile(VirtualPath virtualPath)
   konum: System.Web.Compilation.BuildManager.GetVPathBuildResultInternal(VirtualPath virtualPath, Boolean noBuild, Boolean allowCrossApp, Boolean allowBuildInPrecompile, Boolean throwIfNotFound, Boolean ensureIsUpToDate)
   konum: System.Web.Compilation.BuildManager.GetVPathBuildResultWithNoAssert(HttpContext context, VirtualPath virtualPath, Boolean noBuild, Boolean allowCrossApp, Boolean allowBuildInPrecompile, Boolean throwIfNotFound, Boolean ensureIsUpToDate)
   konum: System.Web.Compilation.BuildManager.GetVPathBuildResult(HttpContext context, VirtualPath virtualPath, Boolean noBuild, Boolean allowCrossApp, Boolean allowBuildInPrecompile, Boolean ensureIsUpToDate)
   konum: System.Web.Compilation.BuildManager.GetCompiledAssembly(String virtualPath)
   konum: Orchard.Environment.DefaultBuildManager.GetCompiledAssembly(String virtualPath) C:\Projeler\version 3\Orchard-1.10.3\src\Orchard\Environment\IBuildManager.cs içinde: satýr 53
2019-06-28 04:11:29,217 [34] Orchard.Environment.DefaultBuildManager - (null) - WARN Error when compiling assembly under ~/Modules/Erdem.WebShop/Erdem.WebShop.csproj.
System.Configuration.ConfigurationErrorsException: Her yapýlandýrma dosyasý için yalnýzca bir <configSections> öðesine izin verilir ve varsa bu öðe kök <configuration> öðesinin ilk alt öðesi olmalýdýr. (C:\Projeler\version 3\Orchard-1.10.3\src\Orchard.Web\modules\erdem.webshop\web.config line 9)
   konum: System.Configuration.ConfigurationSchemaErrors.ThrowIfErrors(Boolean ignoreLocal)
   konum: System.Configuration.BaseConfigurationRecord.ThrowIfParseErrors(ConfigurationSchemaErrors schemaErrors)
   konum: System.Configuration.BaseConfigurationRecord.GetSectionRecursive(String configKey, Boolean getLkg, Boolean checkPermission, Boolean getRuntimeObject, Boolean requestIsHere, Object& result, Object& resultRuntimeObject)
   konum: System.Configuration.BaseConfigurationRecord.GetSection(String configKey)
   konum: System.Web.Configuration.RuntimeConfig.GetSectionObject(String sectionName)
   konum: System.Web.Configuration.RuntimeConfig.GetSection(String sectionName, Type type, ResultsIndex index)
   konum: System.Web.Configuration.RuntimeConfig.get_Compilation()
   konum: MTConfigUtil.GetCompilationConfig(String vpath)
   konum: System.Web.Compilation.BuildManager.IsBatchEnabledForDirectory(VirtualPath virtualDir)
   konum: System.Web.Compilation.BuildManager.CompileWebFile(VirtualPath virtualPath)
   konum: System.Web.Compilation.BuildManager.GetVPathBuildResultInternal(VirtualPath virtualPath, Boolean noBuild, Boolean allowCrossApp, Boolean allowBuildInPrecompile, Boolean throwIfNotFound, Boolean ensureIsUpToDate)
   konum: System.Web.Compilation.BuildManager.GetVPathBuildResultWithNoAssert(HttpContext context, VirtualPath virtualPath, Boolean noBuild, Boolean allowCrossApp, Boolean allowBuildInPrecompile, Boolean throwIfNotFound, Boolean ensureIsUpToDate)
   konum: System.Web.Compilation.BuildManager.GetVPathBuildResult(HttpContext context, VirtualPath virtualPath, Boolean noBuild, Boolean allowCrossApp, Boolean allowBuildInPrecompile, Boolean ensureIsUpToDate)
   konum: System.Web.Compilation.BuildManager.GetCompiledAssembly(String virtualPath)
   konum: Orchard.Environment.DefaultBuildManager.GetCompiledAssembly(String virtualPath) C:\Projeler\version 3\Orchard-1.10.3\src\Orchard\Environment\IBuildManager.cs içinde: satýr 53
2019-06-28 04:11:29,238 [34] Orchard.Environment.DefaultBuildManager - (null) - WARN Error when compiling assembly under ~/Modules/Erdem.WebShop/Erdem.WebShop.csproj.
System.Configuration.ConfigurationErrorsException: Her yapýlandýrma dosyasý için yalnýzca bir <configSections> öðesine izin verilir ve varsa bu öðe kök <configuration> öðesinin ilk alt öðesi olmalýdýr. (C:\Projeler\version 3\Orchard-1.10.3\src\Orchard.Web\modules\erdem.webshop\web.config line 9)
   konum: System.Configuration.ConfigurationSchemaErrors.ThrowIfErrors(Boolean ignoreLocal)
   konum: System.Configuration.BaseConfigurationRecord.ThrowIfParseErrors(ConfigurationSchemaErrors schemaErrors)
   konum: System.Configuration.BaseConfigurationRecord.GetSectionRecursive(String configKey, Boolean getLkg, Boolean checkPermission, Boolean getRuntimeObject, Boolean requestIsHere, Object& result, Object& resultRuntimeObject)
   konum: System.Configuration.BaseConfigurationRecord.GetSection(String configKey)
   konum: System.Web.Configuration.RuntimeConfig.GetSectionObject(String sectionName)
   konum: System.Web.Configuration.RuntimeConfig.GetSection(String sectionName, Type type, ResultsIndex index)
   konum: System.Web.Configuration.RuntimeConfig.get_Compilation()
   konum: MTConfigUtil.GetCompilationConfig(String vpath)
   konum: System.Web.Compilation.BuildManager.IsBatchEnabledForDirectory(VirtualPath virtualDir)
   konum: System.Web.Compilation.BuildManager.CompileWebFile(VirtualPath virtualPath)
   konum: System.Web.Compilation.BuildManager.GetVPathBuildResultInternal(VirtualPath virtualPath, Boolean noBuild, Boolean allowCrossApp, Boolean allowBuildInPrecompile, Boolean throwIfNotFound, Boolean ensureIsUpToDate)
   konum: System.Web.Compilation.BuildManager.GetVPathBuildResultWithNoAssert(HttpContext context, VirtualPath virtualPath, Boolean noBuild, Boolean allowCrossApp, Boolean allowBuildInPrecompile, Boolean throwIfNotFound, Boolean ensureIsUpToDate)
   konum: System.Web.Compilation.BuildManager.GetVPathBuildResult(HttpContext context, VirtualPath virtualPath, Boolean noBuild, Boolean allowCrossApp, Boolean allowBuildInPrecompile, Boolean ensureIsUpToDate)
   konum: System.Web.Compilation.BuildManager.GetCompiledAssembly(String virtualPath)
   konum: Orchard.Environment.DefaultBuildManager.GetCompiledAssembly(String virtualPath) C:\Projeler\version 3\Orchard-1.10.3\src\Orchard\Environment\IBuildManager.cs içinde: satýr 53
2019-06-28 04:11:29,247 [34] Orchard.Environment.DefaultBuildManager - (null) - WARN Error when compiling assembly under ~/Modules/Erdem.WebShop/Erdem.WebShop.csproj.
System.Configuration.ConfigurationErrorsException: Her yapýlandýrma dosyasý için yalnýzca bir <configSections> öðesine izin verilir ve varsa bu öðe kök <configuration> öðesinin ilk alt öðesi olmalýdýr. (C:\Projeler\version 3\Orchard-1.10.3\src\Orchard.Web\modules\erdem.webshop\web.config line 9)
   konum: System.Configuration.ConfigurationSchemaErrors.ThrowIfErrors(Boolean ignoreLocal)
   konum: System.Configuration.BaseConfigurationRecord.ThrowIfParseErrors(ConfigurationSchemaErrors schemaErrors)
   konum: System.Configuration.BaseConfigurationRecord.GetSectionRecursive(String configKey, Boolean getLkg, Boolean checkPermission, Boolean getRuntimeObject, Boolean requestIsHere, Object& result, Object& resultRuntimeObject)
   konum: System.Configuration.BaseConfigurationRecord.GetSection(String configKey)
   konum: System.Web.Configuration.RuntimeConfig.GetSectionObject(String sectionName)
   konum: System.Web.Configuration.RuntimeConfig.GetSection(String sectionName, Type type, ResultsIndex index)
   konum: System.Web.Configuration.RuntimeConfig.get_Compilation()
   konum: MTConfigUtil.GetCompilationConfig(String vpath)
   konum: System.Web.Compilation.BuildManager.IsBatchEnabledForDirectory(VirtualPath virtualDir)
   konum: System.Web.Compilation.BuildManager.CompileWebFile(VirtualPath virtualPath)
   konum: System.Web.Compilation.BuildManager.GetVPathBuildResultInternal(VirtualPath virtualPath, Boolean noBuild, Boolean allowCrossApp, Boolean allowBuildInPrecompile, Boolean throwIfNotFound, Boolean ensureIsUpToDate)
   konum: System.Web.Compilation.BuildManager.GetVPathBuildResultWithNoAssert(HttpContext context, VirtualPath virtualPath, Boolean noBuild, Boolean allowCrossApp, Boolean allowBuildInPrecompile, Boolean throwIfNotFound, Boolean ensureIsUpToDate)
   konum: System.Web.Compilation.BuildManager.GetVPathBuildResult(HttpContext context, VirtualPath virtualPath, Boolean noBuild, Boolean allowCrossApp, Boolean allowBuildInPrecompile, Boolean ensureIsUpToDate)
   konum: System.Web.Compilation.BuildManager.GetCompiledAssembly(String virtualPath)
   konum: Orchard.Environment.DefaultBuildManager.GetCompiledAssembly(String virtualPath) C:\Projeler\version 3\Orchard-1.10.3\src\Orchard\Environment\IBuildManager.cs içinde: satýr 53
2019-06-28 04:11:29,270 [34] Orchard.Environment.DefaultBuildManager - (null) - WARN Error when compiling assembly under ~/Modules/Erdem.WebShop/Erdem.WebShop.csproj.
System.Configuration.ConfigurationErrorsException: Her yapýlandýrma dosyasý için yalnýzca bir <configSections> öðesine izin verilir ve varsa bu öðe kök <configuration> öðesinin ilk alt öðesi olmalýdýr. (C:\Projeler\version 3\Orchard-1.10.3\src\Orchard.Web\modules\erdem.webshop\web.config line 9)
   konum: System.Configuration.ConfigurationSchemaErrors.ThrowIfErrors(Boolean ignoreLocal)
   konum: System.Configuration.BaseConfigurationRecord.ThrowIfParseErrors(ConfigurationSchemaErrors schemaErrors)
   konum: System.Configuration.BaseConfigurationRecord.GetSectionRecursive(String configKey, Boolean getLkg, Boolean checkPermission, Boolean getRuntimeObject, Boolean requestIsHere, Object& result, Object& resultRuntimeObject)
   konum: System.Configuration.BaseConfigurationRecord.GetSection(String configKey)
   konum: System.Web.Configuration.RuntimeConfig.GetSectionObject(String sectionName)
   konum: System.Web.Configuration.RuntimeConfig.GetSection(String sectionName, Type type, ResultsIndex index)
   konum: System.Web.Configuration.RuntimeConfig.get_Compilation()
   konum: MTConfigUtil.GetCompilationConfig(String vpath)
   konum: System.Web.Compilation.BuildManager.IsBatchEnabledForDirectory(VirtualPath virtualDir)
   konum: System.Web.Compilation.BuildManager.CompileWebFile(VirtualPath virtualPath)
   konum: System.Web.Compilation.BuildManager.GetVPathBuildResultInternal(VirtualPath virtualPath, Boolean noBuild, Boolean allowCrossApp, Boolean allowBuildInPrecompile, Boolean throwIfNotFound, Boolean ensureIsUpToDate)
   konum: System.Web.Compilation.BuildManager.GetVPathBuildResultWithNoAssert(HttpContext context, VirtualPath virtualPath, Boolean noBuild, Boolean allowCrossApp, Boolean allowBuildInPrecompile, Boolean throwIfNotFound, Boolean ensureIsUpToDate)
   konum: System.Web.Compilation.BuildManager.GetVPathBuildResult(HttpContext context, VirtualPath virtualPath, Boolean noBuild, Boolean allowCrossApp, Boolean allowBuildInPrecompile, Boolean ensureIsUpToDate)
   konum: System.Web.Compilation.BuildManager.GetCompiledAssembly(String virtualPath)
   konum: Orchard.Environment.DefaultBuildManager.GetCompiledAssembly(String virtualPath) C:\Projeler\version 3\Orchard-1.10.3\src\Orchard\Environment\IBuildManager.cs içinde: satýr 53
2019-06-28 04:11:29,289 [34] Orchard.Environment.DefaultBuildManager - (null) - WARN Error when compiling assembly under ~/Modules/Erdem.WebShop/Erdem.WebShop.csproj.
System.Configuration.ConfigurationErrorsException: Her yapýlandýrma dosyasý için yalnýzca bir <configSections> öðesine izin verilir ve varsa bu öðe kök <configuration> öðesinin ilk alt öðesi olmalýdýr. (C:\Projeler\version 3\Orchard-1.10.3\src\Orchard.Web\modules\erdem.webshop\web.config line 9)
   konum: System.Configuration.ConfigurationSchemaErrors.ThrowIfErrors(Boolean ignoreLocal)
   konum: System.Configuration.BaseConfigurationRecord.ThrowIfParseErrors(ConfigurationSchemaErrors schemaErrors)
   konum: System.Configuration.BaseConfigurationRecord.GetSectionRecursive(String configKey, Boolean getLkg, Boolean checkPermission, Boolean getRuntimeObject, Boolean requestIsHere, Object& result, Object& resultRuntimeObject)
   konum: System.Configuration.BaseConfigurationRecord.GetSection(String configKey)
   konum: System.Web.Configuration.RuntimeConfig.GetSectionObject(String sectionName)
   konum: System.Web.Configuration.RuntimeConfig.GetSection(String sectionName, Type type, ResultsIndex index)
   konum: System.Web.Configuration.RuntimeConfig.get_Compilation()
   konum: MTConfigUtil.GetCompilationConfig(String vpath)
   konum: System.Web.Compilation.BuildManager.IsBatchEnabledForDirectory(VirtualPath virtualDir)
   konum: System.Web.Compilation.BuildManager.CompileWebFile(VirtualPath virtualPath)
   konum: System.Web.Compilation.BuildManager.GetVPathBuildResultInternal(VirtualPath virtualPath, Boolean noBuild, Boolean allowCrossApp, Boolean allowBuildInPrecompile, Boolean throwIfNotFound, Boolean ensureIsUpToDate)
   konum: System.Web.Compilation.BuildManager.GetVPathBuildResultWithNoAssert(HttpContext context, VirtualPath virtualPath, Boolean noBuild, Boolean allowCrossApp, Boolean allowBuildInPrecompile, Boolean throwIfNotFound, Boolean ensureIsUpToDate)
   konum: System.Web.Compilation.BuildManager.GetVPathBuildResult(HttpContext context, VirtualPath virtualPath, Boolean noBuild, Boolean allowCrossApp, Boolean allowBuildInPrecompile, Boolean ensureIsUpToDate)
   konum: System.Web.Compilation.BuildManager.GetCompiledAssembly(String virtualPath)
   konum: Orchard.Environment.DefaultBuildManager.GetCompiledAssembly(String virtualPath) C:\Projeler\version 3\Orchard-1.10.3\src\Orchard\Environment\IBuildManager.cs içinde: satýr 53
2019-06-28 04:11:29,297 [34] Orchard.Environment.DefaultBuildManager - (null) - WARN Error when compiling assembly under ~/Modules/Erdem.WebShop/Erdem.WebShop.csproj.
System.Configuration.ConfigurationErrorsException: Her yapýlandýrma dosyasý için yalnýzca bir <configSections> öðesine izin verilir ve varsa bu öðe kök <configuration> öðesinin ilk alt öðesi olmalýdýr. (C:\Projeler\version 3\Orchard-1.10.3\src\Orchard.Web\modules\erdem.webshop\web.config line 9)
   konum: System.Configuration.ConfigurationSchemaErrors.ThrowIfErrors(Boolean ignoreLocal)
   konum: System.Configuration.BaseConfigurationRecord.ThrowIfParseErrors(ConfigurationSchemaErrors schemaErrors)
   konum: System.Configuration.BaseConfigurationRecord.GetSectionRecursive(String configKey, Boolean getLkg, Boolean checkPermission, Boolean getRuntimeObject, Boolean requestIsHere, Object& result, Object& resultRuntimeObject)
   konum: System.Configuration.BaseConfigurationRecord.GetSection(String configKey)
   konum: System.Web.Configuration.RuntimeConfig.GetSectionObject(String sectionName)
   konum: System.Web.Configuration.RuntimeConfig.GetSection(String sectionName, Type type, ResultsIndex index)
   konum: System.Web.Configuration.RuntimeConfig.get_Compilation()
   konum: MTConfigUtil.GetCompilationConfig(String vpath)
   konum: System.Web.Compilation.BuildManager.IsBatchEnabledForDirectory(VirtualPath virtualDir)
   konum: System.Web.Compilation.BuildManager.CompileWebFile(VirtualPath virtualPath)
   konum: System.Web.Compilation.BuildManager.GetVPathBuildResultInternal(VirtualPath virtualPath, Boolean noBuild, Boolean allowCrossApp, Boolean allowBuildInPrecompile, Boolean throwIfNotFound, Boolean ensureIsUpToDate)
   konum: System.Web.Compilation.BuildManager.GetVPathBuildResultWithNoAssert(HttpContext context, VirtualPath virtualPath, Boolean noBuild, Boolean allowCrossApp, Boolean allowBuildInPrecompile, Boolean throwIfNotFound, Boolean ensureIsUpToDate)
   konum: System.Web.Compilation.BuildManager.GetVPathBuildResult(HttpContext context, VirtualPath virtualPath, Boolean noBuild, Boolean allowCrossApp, Boolean allowBuildInPrecompile, Boolean ensureIsUpToDate)
   konum: System.Web.Compilation.BuildManager.GetCompiledAssembly(String virtualPath)
   konum: Orchard.Environment.DefaultBuildManager.GetCompiledAssembly(String virtualPath) C:\Projeler\version 3\Orchard-1.10.3\src\Orchard\Environment\IBuildManager.cs içinde: satýr 53
2019-06-28 04:11:29,318 [34] Orchard.Environment.DefaultBuildManager - (null) - WARN Error when compiling assembly under ~/Modules/Erdem.WebShop/Erdem.WebShop.csproj.
System.Configuration.ConfigurationErrorsException: Her yapýlandýrma dosyasý için yalnýzca bir <configSections> öðesine izin verilir ve varsa bu öðe kök <configuration> öðesinin ilk alt öðesi olmalýdýr. (C:\Projeler\version 3\Orchard-1.10.3\src\Orchard.Web\modules\erdem.webshop\web.config line 9)
   konum: System.Configuration.ConfigurationSchemaErrors.ThrowIfErrors(Boolean ignoreLocal)
   konum: System.Configuration.BaseConfigurationRecord.ThrowIfParseErrors(ConfigurationSchemaErrors schemaErrors)
   konum: System.Configuration.BaseConfigurationRecord.GetSectionRecursive(String configKey, Boolean getLkg, Boolean checkPermission, Boolean getRuntimeObject, Boolean requestIsHere, Object& result, Object& resultRuntimeObject)
   konum: System.Configuration.BaseConfigurationRecord.GetSection(String configKey)
   konum: System.Web.Configuration.RuntimeConfig.GetSectionObject(String sectionName)
   konum: System.Web.Configuration.RuntimeConfig.GetSection(String sectionName, Type type, ResultsIndex index)
   konum: System.Web.Configuration.RuntimeConfig.get_Compilation()
   konum: MTConfigUtil.GetCompilationConfig(String vpath)
   konum: System.Web.Compilation.BuildManager.IsBatchEnabledForDirectory(VirtualPath virtualDir)
   konum: System.Web.Compilation.BuildManager.CompileWebFile(VirtualPath virtualPath)
   konum: System.Web.Compilation.BuildManager.GetVPathBuildResultInternal(VirtualPath virtualPath, Boolean noBuild, Boolean allowCrossApp, Boolean allowBuildInPrecompile, Boolean throwIfNotFound, Boolean ensureIsUpToDate)
   konum: System.Web.Compilation.BuildManager.GetVPathBuildResultWithNoAssert(HttpContext context, VirtualPath virtualPath, Boolean noBuild, Boolean allowCrossApp, Boolean allowBuildInPrecompile, Boolean throwIfNotFound, Boolean ensureIsUpToDate)
   konum: System.Web.Compilation.BuildManager.GetVPathBuildResult(HttpContext context, VirtualPath virtualPath, Boolean noBuild, Boolean allowCrossApp, Boolean allowBuildInPrecompile, Boolean ensureIsUpToDate)
   konum: System.Web.Compilation.BuildManager.GetCompiledAssembly(String virtualPath)
   konum: Orchard.Environment.DefaultBuildManager.GetCompiledAssembly(String virtualPath) C:\Projeler\version 3\Orchard-1.10.3\src\Orchard\Environment\IBuildManager.cs içinde: satýr 53
2019-06-28 04:26:19,218 [5] Orchard.Environment.DefaultAssemblyLoader - (null) - ERROR Error loading assembly 'System.Drawing'
System.IO.FileNotFoundException: 'System.Drawing' dosyasýný veya bütünleþtirilmiþ kodunu ya da baðýmlýlýklarýndan birini yükleyemedi. Sistem belirtilen dosyayý bulamýyor.
Dosya adý: 'System.Drawing'
   konum: System.Reflection.RuntimeAssembly._nLoad(AssemblyName fileName, String codeBase, Evidence assemblySecurity, RuntimeAssembly locationHint, StackCrawlMark& stackMark, IntPtr pPrivHostBinder, Boolean throwOnFileNotFound, Boolean forIntrospection, Boolean suppressSecurityChecks)
   konum: System.Reflection.RuntimeAssembly.nLoad(AssemblyName fileName, String codeBase, Evidence assemblySecurity, RuntimeAssembly locationHint, StackCrawlMark& stackMark, IntPtr pPrivHostBinder, Boolean throwOnFileNotFound, Boolean forIntrospection, Boolean suppressSecurityChecks)
   konum: System.Reflection.RuntimeAssembly.InternalLoadAssemblyName(AssemblyName assemblyRef, Evidence assemblySecurity, RuntimeAssembly reqAssembly, StackCrawlMark& stackMark, IntPtr pPrivHostBinder, Boolean throwOnFileNotFound, Boolean forIntrospection, Boolean suppressSecurityChecks)
   konum: System.Reflection.RuntimeAssembly.InternalLoad(String assemblyString, Evidence assemblySecurity, StackCrawlMark& stackMark, IntPtr pPrivHostBinder, Boolean forIntrospection)
   konum: System.Reflection.RuntimeAssembly.InternalLoad(String assemblyString, Evidence assemblySecurity, StackCrawlMark& stackMark, Boolean forIntrospection)
   konum: System.Reflection.Assembly.Load(String assemblyString)
   konum: Orchard.Environment.DefaultAssemblyLoader.LoadWorker(String shortName, String fullName) C:\Projeler\version 3\Orchard-1.10.3\src\Orchard\Environment\IAssemblyLoader.cs içinde: satýr 61
   konum: Orchard.Environment.DefaultAssemblyLoader.<>c__DisplayClass7_0.<Load>b__0(String shortName) C:\Projeler\version 3\Orchard-1.10.3\src\Orchard\Environment\IAssemblyLoader.cs içinde: satýr 28
   konum: System.Collections.Concurrent.ConcurrentDictionary`2.GetOrAdd(TKey key, Func`2 valueFactory)
   konum: Orchard.Environment.DefaultAssemblyLoader.Load(String assemblyName) C:\Projeler\version 3\Orchard-1.10.3\src\Orchard\Environment\IAssemblyLoader.cs içinde: satýr 28

UYR: Bütünleþtirilmiþ kod baðlama günlük kaydý kapatýldý.
Bütünleþtirilmiþ kod baðlama hatasý günlük kayýný etkinleþtirmek için, [HKLM\Software\Microsoft\Fusion!EnableLog] (DWORD) kayýt defteri deðerini 1 olarak ayarlayýn.
Not: Bütünleþtirilmiþ kod baðlama hatasý günlük kaydýyla iliþkili bazý performans cezasý vardýr.
Bu özelliði kapatmak için [HKLM\Software\Microsoft\Fusion!EnableLog] kayýt defteri deðerini kaldýrýn.

2019-06-28 04:26:19,227 [5] Orchard.Environment.Extensions.Compilers.DefaultExtensionCompiler - (null) - ERROR Assembly reference 'System.Drawing' for project '/OrchardLocal/Modules/Erdem.WebShop/Erdem.WebShop.csproj' cannot be loaded
2019-06-28 04:26:19,244 [5] Orchard.Environment.DefaultAssemblyLoader - (null) - ERROR Error loading assembly 'System.Drawing'
System.IO.FileNotFoundException: 'System.Drawing' dosyasýný veya bütünleþtirilmiþ kodunu ya da baðýmlýlýklarýndan birini yükleyemedi. Sistem belirtilen dosyayý bulamýyor.
Dosya adý: 'System.Drawing'
   konum: System.Reflection.RuntimeAssembly._nLoad(AssemblyName fileName, String codeBase, Evidence assemblySecurity, RuntimeAssembly locationHint, StackCrawlMark& stackMark, IntPtr pPrivHostBinder, Boolean throwOnFileNotFound, Boolean forIntrospection, Boolean suppressSecurityChecks)
   konum: System.Reflection.RuntimeAssembly.nLoad(AssemblyName fileName, String codeBase, Evidence assemblySecurity, RuntimeAssembly locationHint, StackCrawlMark& stackMark, IntPtr pPrivHostBinder, Boolean throwOnFileNotFound, Boolean forIntrospection, Boolean suppressSecurityChecks)
   konum: System.Reflection.RuntimeAssembly.InternalLoadAssemblyName(AssemblyName assemblyRef, Evidence assemblySecurity, RuntimeAssembly reqAssembly, StackCrawlMark& stackMark, IntPtr pPrivHostBinder, Boolean throwOnFileNotFound, Boolean forIntrospection, Boolean suppressSecurityChecks)
   konum: System.Reflection.RuntimeAssembly.InternalLoad(String assemblyString, Evidence assemblySecurity, StackCrawlMark& stackMark, IntPtr pPrivHostBinder, Boolean forIntrospection)
   konum: System.Reflection.RuntimeAssembly.InternalLoad(String assemblyString, Evidence assemblySecurity, StackCrawlMark& stackMark, Boolean forIntrospection)
   konum: System.Reflection.Assembly.Load(String assemblyString)
   konum: Orchard.Environment.DefaultAssemblyLoader.LoadWorker(String shortName, String fullName) C:\Projeler\version 3\Orchard-1.10.3\src\Orchard\Environment\IAssemblyLoader.cs içinde: satýr 61
   konum: Orchard.Environment.DefaultAssemblyLoader.<>c__DisplayClass7_0.<Load>b__0(String shortName) C:\Projeler\version 3\Orchard-1.10.3\src\Orchard\Environment\IAssemblyLoader.cs içinde: satýr 28
   konum: System.Collections.Concurrent.ConcurrentDictionary`2.GetOrAdd(TKey key, Func`2 valueFactory)
   konum: Orchard.Environment.DefaultAssemblyLoader.Load(String assemblyName) C:\Projeler\version 3\Orchard-1.10.3\src\Orchard\Environment\IAssemblyLoader.cs içinde: satýr 28

UYR: Bütünleþtirilmiþ kod baðlama günlük kaydý kapatýldý.
Bütünleþtirilmiþ kod baðlama hatasý günlük kayýný etkinleþtirmek için, [HKLM\Software\Microsoft\Fusion!EnableLog] (DWORD) kayýt defteri deðerini 1 olarak ayarlayýn.
Not: Bütünleþtirilmiþ kod baðlama hatasý günlük kaydýyla iliþkili bazý performans cezasý vardýr.
Bu özelliði kapatmak için [HKLM\Software\Microsoft\Fusion!EnableLog] kayýt defteri deðerini kaldýrýn.

2019-06-28 04:26:19,246 [5] Orchard.Environment.Extensions.Compilers.DefaultExtensionCompiler - (null) - ERROR Assembly reference 'System.Drawing' for project '/OrchardLocal/Modules/Erdem.WebShop/Erdem.WebShop.csproj' cannot be loaded
2019-06-28 04:26:19,248 [5] Orchard.Environment.DefaultBuildManager - (null) - WARN Error when compiling assembly under ~/Modules/Erdem.WebShop/Erdem.WebShop.csproj.
System.Web.HttpParseException (0x80004005): Error compiling module "Erdem.WebShop" from file "/OrchardLocal/Modules/Erdem.WebShop/Erdem.WebShop.csproj":
Assembly reference 'System.Drawing' for project '/OrchardLocal/Modules/Erdem.WebShop/Erdem.WebShop.csproj' cannot be loaded ---> Orchard.OrchardCoreException: Error compiling module "Erdem.WebShop" from file "/OrchardLocal/Modules/Erdem.WebShop/Erdem.WebShop.csproj":
Assembly reference 'System.Drawing' for project '/OrchardLocal/Modules/Erdem.WebShop/Erdem.WebShop.csproj' cannot be loaded ---> Orchard.OrchardCoreException: Assembly reference 'System.Drawing' for project '/OrchardLocal/Modules/Erdem.WebShop/Erdem.WebShop.csproj' cannot be loaded
   konum: Orchard.Environment.Extensions.Compilers.DefaultExtensionCompiler.Compile(CompileExtensionContext context) C:\Projeler\version 3\Orchard-1.10.3\src\Orchard\Environment\Extensions\Compilers\DefaultExtensionCompiler.cs içinde: satýr 106
   --- Ýç özel durum yýðýný izlemesinin sonu ---
   konum: Orchard.Environment.Extensions.Compilers.DefaultExtensionCompiler.Compile(CompileExtensionContext context) C:\Projeler\version 3\Orchard-1.10.3\src\Orchard\Environment\Extensions\Compilers\DefaultExtensionCompiler.cs içinde: satýr 116
   konum: Orchard.Environment.Extensions.Compilers.CSharpExtensionBuildProviderShim.GenerateCode(AssemblyBuilder assemblyBuilder) C:\Projeler\version 3\Orchard-1.10.3\src\Orchard\Environment\Extensions\Compilers\CSharpExtensionBuildProviderShim.cs içinde: satýr 31
   konum: System.Web.Compilation.AssemblyBuilder.AddBuildProvider(BuildProvider buildProvider)
   konum: System.Web.Compilation.AssemblyBuilder.AddBuildProvider(BuildProvider buildProvider)
   konum: System.Web.Compilation.BuildProvidersCompiler.ProcessBuildProviders()
   konum: System.Web.Compilation.BuildProvidersCompiler.PerformBuild()
   konum: System.Web.Compilation.BuildManager.CompileWebFile(VirtualPath virtualPath)
   konum: System.Web.Compilation.BuildManager.GetVPathBuildResultInternal(VirtualPath virtualPath, Boolean noBuild, Boolean allowCrossApp, Boolean allowBuildInPrecompile, Boolean throwIfNotFound, Boolean ensureIsUpToDate)
   konum: System.Web.Compilation.BuildManager.GetVPathBuildResultWithNoAssert(HttpContext context, VirtualPath virtualPath, Boolean noBuild, Boolean allowCrossApp, Boolean allowBuildInPrecompile, Boolean throwIfNotFound, Boolean ensureIsUpToDate)
   konum: System.Web.Compilation.BuildManager.GetVPathBuildResult(HttpContext context, VirtualPath virtualPath, Boolean noBuild, Boolean allowCrossApp, Boolean allowBuildInPrecompile, Boolean ensureIsUpToDate)
   konum: System.Web.Compilation.BuildManager.GetCompiledAssembly(String virtualPath)
   konum: Orchard.Environment.DefaultBuildManager.GetCompiledAssembly(String virtualPath) C:\Projeler\version 3\Orchard-1.10.3\src\Orchard\Environment\IBuildManager.cs içinde: satýr 53
2019-06-28 04:26:19,251 [5] Orchard.Environment.Extensions.ExtensionManager - (null) - WARN No suitable loader found for extension "Erdem.WebShop"
2019-06-28 04:26:23,723 [17] Orchard.Environment.DefaultAssemblyLoader - (null) - ERROR Error loading assembly 'System.Drawing'
System.IO.FileNotFoundException: 'System.Drawing' dosyasýný veya bütünleþtirilmiþ kodunu ya da baðýmlýlýklarýndan birini yükleyemedi. Sistem belirtilen dosyayý bulamýyor.
Dosya adý: 'System.Drawing'
   konum: System.Reflection.RuntimeAssembly._nLoad(AssemblyName fileName, String codeBase, Evidence assemblySecurity, RuntimeAssembly locationHint, StackCrawlMark& stackMark, IntPtr pPrivHostBinder, Boolean throwOnFileNotFound, Boolean forIntrospection, Boolean suppressSecurityChecks)
   konum: System.Reflection.RuntimeAssembly.nLoad(AssemblyName fileName, String codeBase, Evidence assemblySecurity, RuntimeAssembly locationHint, StackCrawlMark& stackMark, IntPtr pPrivHostBinder, Boolean throwOnFileNotFound, Boolean forIntrospection, Boolean suppressSecurityChecks)
   konum: System.Reflection.RuntimeAssembly.InternalLoadAssemblyName(AssemblyName assemblyRef, Evidence assemblySecurity, RuntimeAssembly reqAssembly, StackCrawlMark& stackMark, IntPtr pPrivHostBinder, Boolean throwOnFileNotFound, Boolean forIntrospection, Boolean suppressSecurityChecks)
   konum: System.Reflection.RuntimeAssembly.InternalLoad(String assemblyString, Evidence assemblySecurity, StackCrawlMark& stackMark, IntPtr pPrivHostBinder, Boolean forIntrospection)
   konum: System.Reflection.RuntimeAssembly.InternalLoad(String assemblyString, Evidence assemblySecurity, StackCrawlMark& stackMark, Boolean forIntrospection)
   konum: System.Reflection.Assembly.Load(String assemblyString)
   konum: Orchard.Environment.DefaultAssemblyLoader.LoadWorker(String shortName, String fullName) C:\Projeler\version 3\Orchard-1.10.3\src\Orchard\Environment\IAssemblyLoader.cs içinde: satýr 61
   konum: Orchard.Environment.DefaultAssemblyLoader.<>c__DisplayClass7_0.<Load>b__0(String shortName) C:\Projeler\version 3\Orchard-1.10.3\src\Orchard\Environment\IAssemblyLoader.cs içinde: satýr 28
   konum: System.Collections.Concurrent.ConcurrentDictionary`2.GetOrAdd(TKey key, Func`2 valueFactory)
   konum: Orchard.Environment.DefaultAssemblyLoader.Load(String assemblyName) C:\Projeler\version 3\Orchard-1.10.3\src\Orchard\Environment\IAssemblyLoader.cs içinde: satýr 28

UYR: Bütünleþtirilmiþ kod baðlama günlük kaydý kapatýldý.
Bütünleþtirilmiþ kod baðlama hatasý günlük kayýný etkinleþtirmek için, [HKLM\Software\Microsoft\Fusion!EnableLog] (DWORD) kayýt defteri deðerini 1 olarak ayarlayýn.
Not: Bütünleþtirilmiþ kod baðlama hatasý günlük kaydýyla iliþkili bazý performans cezasý vardýr.
Bu özelliði kapatmak için [HKLM\Software\Microsoft\Fusion!EnableLog] kayýt defteri deðerini kaldýrýn.

2019-06-28 04:26:23,726 [17] Orchard.Environment.Extensions.Compilers.DefaultExtensionCompiler - (null) - ERROR Assembly reference 'System.Drawing' for project '/OrchardLocal/Modules/Erdem.WebShop/Erdem.WebShop.csproj' cannot be loaded
2019-06-28 04:26:23,742 [17] Orchard.Environment.DefaultAssemblyLoader - (null) - ERROR Error loading assembly 'System.Drawing'
System.IO.FileNotFoundException: 'System.Drawing' dosyasýný veya bütünleþtirilmiþ kodunu ya da baðýmlýlýklarýndan birini yükleyemedi. Sistem belirtilen dosyayý bulamýyor.
Dosya adý: 'System.Drawing'
   konum: System.Reflection.RuntimeAssembly._nLoad(AssemblyName fileName, String codeBase, Evidence assemblySecurity, RuntimeAssembly locationHint, StackCrawlMark& stackMark, IntPtr pPrivHostBinder, Boolean throwOnFileNotFound, Boolean forIntrospection, Boolean suppressSecurityChecks)
   konum: System.Reflection.RuntimeAssembly.nLoad(AssemblyName fileName, String codeBase, Evidence assemblySecurity, RuntimeAssembly locationHint, StackCrawlMark& stackMark, IntPtr pPrivHostBinder, Boolean throwOnFileNotFound, Boolean forIntrospection, Boolean suppressSecurityChecks)
   konum: System.Reflection.RuntimeAssembly.InternalLoadAssemblyName(AssemblyName assemblyRef, Evidence assemblySecurity, RuntimeAssembly reqAssembly, StackCrawlMark& stackMark, IntPtr pPrivHostBinder, Boolean throwOnFileNotFound, Boolean forIntrospection, Boolean suppressSecurityChecks)
   konum: System.Reflection.RuntimeAssembly.InternalLoad(String assemblyString, Evidence assemblySecurity, StackCrawlMark& stackMark, IntPtr pPrivHostBinder, Boolean forIntrospection)
   konum: System.Reflection.RuntimeAssembly.InternalLoad(String assemblyString, Evidence assemblySecurity, StackCrawlMark& stackMark, Boolean forIntrospection)
   konum: System.Reflection.Assembly.Load(String assemblyString)
   konum: Orchard.Environment.DefaultAssemblyLoader.LoadWorker(String shortName, String fullName) C:\Projeler\version 3\Orchard-1.10.3\src\Orchard\Environment\IAssemblyLoader.cs içinde: satýr 61
   konum: Orchard.Environment.DefaultAssemblyLoader.<>c__DisplayClass7_0.<Load>b__0(String shortName) C:\Projeler\version 3\Orchard-1.10.3\src\Orchard\Environment\IAssemblyLoader.cs içinde: satýr 28
   konum: System.Collections.Concurrent.ConcurrentDictionary`2.GetOrAdd(TKey key, Func`2 valueFactory)
   konum: Orchard.Environment.DefaultAssemblyLoader.Load(String assemblyName) C:\Projeler\version 3\Orchard-1.10.3\src\Orchard\Environment\IAssemblyLoader.cs içinde: satýr 28

UYR: Bütünleþtirilmiþ kod baðlama günlük kaydý kapatýldý.
Bütünleþtirilmiþ kod baðlama hatasý günlük kayýný etkinleþtirmek için, [HKLM\Software\Microsoft\Fusion!EnableLog] (DWORD) kayýt defteri deðerini 1 olarak ayarlayýn.
Not: Bütünleþtirilmiþ kod baðlama hatasý günlük kaydýyla iliþkili bazý performans cezasý vardýr.
Bu özelliði kapatmak için [HKLM\Software\Microsoft\Fusion!EnableLog] kayýt defteri deðerini kaldýrýn.

2019-06-28 04:26:23,744 [17] Orchard.Environment.Extensions.Compilers.DefaultExtensionCompiler - (null) - ERROR Assembly reference 'System.Drawing' for project '/OrchardLocal/Modules/Erdem.WebShop/Erdem.WebShop.csproj' cannot be loaded
2019-06-28 04:26:23,747 [17] Orchard.Environment.DefaultBuildManager - (null) - WARN Error when compiling assembly under ~/Modules/Erdem.WebShop/Erdem.WebShop.csproj.
System.Web.HttpParseException (0x80004005): Error compiling module "Erdem.WebShop" from file "/OrchardLocal/Modules/Erdem.WebShop/Erdem.WebShop.csproj":
Assembly reference 'System.Drawing' for project '/OrchardLocal/Modules/Erdem.WebShop/Erdem.WebShop.csproj' cannot be loaded ---> Orchard.OrchardCoreException: Error compiling module "Erdem.WebShop" from file "/OrchardLocal/Modules/Erdem.WebShop/Erdem.WebShop.csproj":
Assembly reference 'System.Drawing' for project '/OrchardLocal/Modules/Erdem.WebShop/Erdem.WebShop.csproj' cannot be loaded ---> Orchard.OrchardCoreException: Assembly reference 'System.Drawing' for project '/OrchardLocal/Modules/Erdem.WebShop/Erdem.WebShop.csproj' cannot be loaded
   konum: Orchard.Environment.Extensions.Compilers.DefaultExtensionCompiler.Compile(CompileExtensionContext context) C:\Projeler\version 3\Orchard-1.10.3\src\Orchard\Environment\Extensions\Compilers\DefaultExtensionCompiler.cs içinde: satýr 106
   --- Ýç özel durum yýðýný izlemesinin sonu ---
   konum: Orchard.Environment.Extensions.Compilers.DefaultExtensionCompiler.Compile(CompileExtensionContext context) C:\Projeler\version 3\Orchard-1.10.3\src\Orchard\Environment\Extensions\Compilers\DefaultExtensionCompiler.cs içinde: satýr 116
   konum: Orchard.Environment.Extensions.Compilers.CSharpExtensionBuildProviderShim.GenerateCode(AssemblyBuilder assemblyBuilder) C:\Projeler\version 3\Orchard-1.10.3\src\Orchard\Environment\Extensions\Compilers\CSharpExtensionBuildProviderShim.cs içinde: satýr 31
   konum: System.Web.Compilation.AssemblyBuilder.AddBuildProvider(BuildProvider buildProvider)
   konum: System.Web.Compilation.AssemblyBuilder.AddBuildProvider(BuildProvider buildProvider)
   konum: System.Web.Compilation.BuildProvidersCompiler.ProcessBuildProviders()
   konum: System.Web.Compilation.BuildProvidersCompiler.PerformBuild()
   konum: System.Web.Compilation.BuildManager.CompileWebFile(VirtualPath virtualPath)
   konum: System.Web.Compilation.BuildManager.GetVPathBuildResultInternal(VirtualPath virtualPath, Boolean noBuild, Boolean allowCrossApp, Boolean allowBuildInPrecompile, Boolean throwIfNotFound, Boolean ensureIsUpToDate)
   konum: System.Web.Compilation.BuildManager.GetVPathBuildResultWithNoAssert(HttpContext context, VirtualPath virtualPath, Boolean noBuild, Boolean allowCrossApp, Boolean allowBuildInPrecompile, Boolean throwIfNotFound, Boolean ensureIsUpToDate)
   konum: System.Web.Compilation.BuildManager.GetVPathBuildResult(HttpContext context, VirtualPath virtualPath, Boolean noBuild, Boolean allowCrossApp, Boolean allowBuildInPrecompile, Boolean ensureIsUpToDate)
   konum: System.Web.Compilation.BuildManager.GetCompiledAssembly(String virtualPath)
   konum: Orchard.Environment.DefaultBuildManager.GetCompiledAssembly(String virtualPath) C:\Projeler\version 3\Orchard-1.10.3\src\Orchard\Environment\IBuildManager.cs içinde: satýr 53
2019-06-28 04:26:23,819 [17] Orchard.Environment.DefaultAssemblyLoader - (null) - ERROR Error loading assembly 'System.Drawing'
System.IO.FileNotFoundException: 'System.Drawing' dosyasýný veya bütünleþtirilmiþ kodunu ya da baðýmlýlýklarýndan birini yükleyemedi. Sistem belirtilen dosyayý bulamýyor.
Dosya adý: 'System.Drawing'
   konum: System.Reflection.RuntimeAssembly._nLoad(AssemblyName fileName, String codeBase, Evidence assemblySecurity, RuntimeAssembly locationHint, StackCrawlMark& stackMark, IntPtr pPrivHostBinder, Boolean throwOnFileNotFound, Boolean forIntrospection, Boolean suppressSecurityChecks)
   konum: System.Reflection.RuntimeAssembly.nLoad(AssemblyName fileName, String codeBase, Evidence assemblySecurity, RuntimeAssembly locationHint, StackCrawlMark& stackMark, IntPtr pPrivHostBinder, Boolean throwOnFileNotFound, Boolean forIntrospection, Boolean suppressSecurityChecks)
   konum: System.Reflection.RuntimeAssembly.InternalLoadAssemblyName(AssemblyName assemblyRef, Evidence assemblySecurity, RuntimeAssembly reqAssembly, StackCrawlMark& stackMark, IntPtr pPrivHostBinder, Boolean throwOnFileNotFound, Boolean forIntrospection, Boolean suppressSecurityChecks)
   konum: System.Reflection.RuntimeAssembly.InternalLoad(String assemblyString, Evidence assemblySecurity, StackCrawlMark& stackMark, IntPtr pPrivHostBinder, Boolean forIntrospection)
   konum: System.Reflection.RuntimeAssembly.InternalLoad(String assemblyString, Evidence assemblySecurity, StackCrawlMark& stackMark, Boolean forIntrospection)
   konum: System.Reflection.Assembly.Load(String assemblyString)
   konum: Orchard.Environment.DefaultAssemblyLoader.LoadWorker(String shortName, String fullName) C:\Projeler\version 3\Orchard-1.10.3\src\Orchard\Environment\IAssemblyLoader.cs içinde: satýr 61
   konum: Orchard.Environment.DefaultAssemblyLoader.<>c__DisplayClass7_0.<Load>b__0(String shortName) C:\Projeler\version 3\Orchard-1.10.3\src\Orchard\Environment\IAssemblyLoader.cs içinde: satýr 28
   konum: System.Collections.Concurrent.ConcurrentDictionary`2.GetOrAdd(TKey key, Func`2 valueFactory)
   konum: Orchard.Environment.DefaultAssemblyLoader.Load(String assemblyName) C:\Projeler\version 3\Orchard-1.10.3\src\Orchard\Environment\IAssemblyLoader.cs içinde: satýr 28

UYR: Bütünleþtirilmiþ kod baðlama günlük kaydý kapatýldý.
Bütünleþtirilmiþ kod baðlama hatasý günlük kayýný etkinleþtirmek için, [HKLM\Software\Microsoft\Fusion!EnableLog] (DWORD) kayýt defteri deðerini 1 olarak ayarlayýn.
Not: Bütünleþtirilmiþ kod baðlama hatasý günlük kaydýyla iliþkili bazý performans cezasý vardýr.
Bu özelliði kapatmak için [HKLM\Software\Microsoft\Fusion!EnableLog] kayýt defteri deðerini kaldýrýn.

2019-06-28 04:26:23,822 [17] Orchard.Environment.Extensions.Compilers.DefaultExtensionCompiler - (null) - ERROR Assembly reference 'System.Drawing' for project '/OrchardLocal/Modules/Erdem.WebShop/Erdem.WebShop.csproj' cannot be loaded
2019-06-28 04:26:23,824 [17] Orchard.Environment.DefaultBuildManager - (null) - WARN Error when compiling assembly under ~/Modules/Erdem.WebShop/Erdem.WebShop.csproj.
System.Web.HttpParseException (0x80004005): Error compiling module "Erdem.WebShop" from file "/OrchardLocal/Modules/Erdem.WebShop/Erdem.WebShop.csproj":
Assembly reference 'System.Drawing' for project '/OrchardLocal/Modules/Erdem.WebShop/Erdem.WebShop.csproj' cannot be loaded ---> Orchard.OrchardCoreException: Error compiling module "Erdem.WebShop" from file "/OrchardLocal/Modules/Erdem.WebShop/Erdem.WebShop.csproj":
Assembly reference 'System.Drawing' for project '/OrchardLocal/Modules/Erdem.WebShop/Erdem.WebShop.csproj' cannot be loaded ---> Orchard.OrchardCoreException: Assembly reference 'System.Drawing' for project '/OrchardLocal/Modules/Erdem.WebShop/Erdem.WebShop.csproj' cannot be loaded
   konum: Orchard.Environment.Extensions.Compilers.DefaultExtensionCompiler.Compile(CompileExtensionContext context) C:\Projeler\version 3\Orchard-1.10.3\src\Orchard\Environment\Extensions\Compilers\DefaultExtensionCompiler.cs içinde: satýr 106
   --- Ýç özel durum yýðýný izlemesinin sonu ---
   konum: Orchard.Environment.Extensions.Compilers.DefaultExtensionCompiler.Compile(CompileExtensionContext context) C:\Projeler\version 3\Orchard-1.10.3\src\Orchard\Environment\Extensions\Compilers\DefaultExtensionCompiler.cs içinde: satýr 116
   konum: Orchard.Environment.Extensions.Compilers.CSharpExtensionBuildProviderShim.GenerateCode(AssemblyBuilder assemblyBuilder) C:\Projeler\version 3\Orchard-1.10.3\src\Orchard\Environment\Extensions\Compilers\CSharpExtensionBuildProviderShim.cs içinde: satýr 31
   konum: System.Web.Compilation.AssemblyBuilder.AddBuildProvider(BuildProvider buildProvider)
   konum: System.Web.Compilation.AssemblyBuilder.AddBuildProvider(BuildProvider buildProvider)
   konum: System.Web.Compilation.BuildProvidersCompiler.ProcessBuildProviders()
   konum: System.Web.Compilation.BuildProvidersCompiler.PerformBuild()
   konum: System.Web.Compilation.BuildManager.CompileWebFile(VirtualPath virtualPath)
   konum: System.Web.Compilation.BuildManager.GetVPathBuildResultInternal(VirtualPath virtualPath, Boolean noBuild, Boolean allowCrossApp, Boolean allowBuildInPrecompile, Boolean throwIfNotFound, Boolean ensureIsUpToDate)
   konum: System.Web.Compilation.BuildManager.GetVPathBuildResultWithNoAssert(HttpContext context, VirtualPath virtualPath, Boolean noBuild, Boolean allowCrossApp, Boolean allowBuildInPrecompile, Boolean throwIfNotFound, Boolean ensureIsUpToDate)
   konum: System.Web.Compilation.BuildManager.GetVPathBuildResult(HttpContext context, VirtualPath virtualPath, Boolean noBuild, Boolean allowCrossApp, Boolean allowBuildInPrecompile, Boolean ensureIsUpToDate)
   konum: System.Web.Compilation.BuildManager.GetCompiledAssembly(String virtualPath)
   konum: Orchard.Environment.DefaultBuildManager.GetCompiledAssembly(String virtualPath) C:\Projeler\version 3\Orchard-1.10.3\src\Orchard\Environment\IBuildManager.cs içinde: satýr 53
2019-06-28 04:26:23,851 [17] Orchard.Environment.DefaultAssemblyLoader - (null) - ERROR Error loading assembly 'System.Drawing'
System.IO.FileNotFoundException: 'System.Drawing' dosyasýný veya bütünleþtirilmiþ kodunu ya da baðýmlýlýklarýndan birini yükleyemedi. Sistem belirtilen dosyayý bulamýyor.
Dosya adý: 'System.Drawing'
   konum: System.Reflection.RuntimeAssembly._nLoad(AssemblyName fileName, String codeBase, Evidence assemblySecurity, RuntimeAssembly locationHint, StackCrawlMark& stackMark, IntPtr pPrivHostBinder, Boolean throwOnFileNotFound, Boolean forIntrospection, Boolean suppressSecurityChecks)
   konum: System.Reflection.RuntimeAssembly.nLoad(AssemblyName fileName, String codeBase, Evidence assemblySecurity, RuntimeAssembly locationHint, StackCrawlMark& stackMark, IntPtr pPrivHostBinder, Boolean throwOnFileNotFound, Boolean forIntrospection, Boolean suppressSecurityChecks)
   konum: System.Reflection.RuntimeAssembly.InternalLoadAssemblyName(AssemblyName assemblyRef, Evidence assemblySecurity, RuntimeAssembly reqAssembly, StackCrawlMark& stackMark, IntPtr pPrivHostBinder, Boolean throwOnFileNotFound, Boolean forIntrospection, Boolean suppressSecurityChecks)
   konum: System.Reflection.RuntimeAssembly.InternalLoad(String assemblyString, Evidence assemblySecurity, StackCrawlMark& stackMark, IntPtr pPrivHostBinder, Boolean forIntrospection)
   konum: System.Reflection.RuntimeAssembly.InternalLoad(String assemblyString, Evidence assemblySecurity, StackCrawlMark& stackMark, Boolean forIntrospection)
   konum: System.Reflection.Assembly.Load(String assemblyString)
   konum: Orchard.Environment.DefaultAssemblyLoader.LoadWorker(String shortName, String fullName) C:\Projeler\version 3\Orchard-1.10.3\src\Orchard\Environment\IAssemblyLoader.cs içinde: satýr 61
   konum: Orchard.Environment.DefaultAssemblyLoader.<>c__DisplayClass7_0.<Load>b__0(String shortName) C:\Projeler\version 3\Orchard-1.10.3\src\Orchard\Environment\IAssemblyLoader.cs içinde: satýr 28
   konum: System.Collections.Concurrent.ConcurrentDictionary`2.GetOrAdd(TKey key, Func`2 valueFactory)
   konum: Orchard.Environment.DefaultAssemblyLoader.Load(String assemblyName) C:\Projeler\version 3\Orchard-1.10.3\src\Orchard\Environment\IAssemblyLoader.cs içinde: satýr 28

UYR: Bütünleþtirilmiþ kod baðlama günlük kaydý kapatýldý.
Bütünleþtirilmiþ kod baðlama hatasý günlük kayýný etkinleþtirmek için, [HKLM\Software\Microsoft\Fusion!EnableLog] (DWORD) kayýt defteri deðerini 1 olarak ayarlayýn.
Not: Bütünleþtirilmiþ kod baðlama hatasý günlük kaydýyla iliþkili bazý performans cezasý vardýr.
Bu özelliði kapatmak için [HKLM\Software\Microsoft\Fusion!EnableLog] kayýt defteri deðerini kaldýrýn.

2019-06-28 04:26:23,853 [17] Orchard.Environment.Extensions.Compilers.DefaultExtensionCompiler - (null) - ERROR Assembly reference 'System.Drawing' for project '/OrchardLocal/Modules/Erdem.WebShop/Erdem.WebShop.csproj' cannot be loaded
2019-06-28 04:26:23,856 [17] Orchard.Environment.DefaultBuildManager - (null) - WARN Error when compiling assembly under ~/Modules/Erdem.WebShop/Erdem.WebShop.csproj.
System.Web.HttpParseException (0x80004005): Error compiling module "Erdem.WebShop" from file "/OrchardLocal/Modules/Erdem.WebShop/Erdem.WebShop.csproj":
Assembly reference 'System.Drawing' for project '/OrchardLocal/Modules/Erdem.WebShop/Erdem.WebShop.csproj' cannot be loaded ---> Orchard.OrchardCoreException: Error compiling module "Erdem.WebShop" from file "/OrchardLocal/Modules/Erdem.WebShop/Erdem.WebShop.csproj":
Assembly reference 'System.Drawing' for project '/OrchardLocal/Modules/Erdem.WebShop/Erdem.WebShop.csproj' cannot be loaded ---> Orchard.OrchardCoreException: Assembly reference 'System.Drawing' for project '/OrchardLocal/Modules/Erdem.WebShop/Erdem.WebShop.csproj' cannot be loaded
   konum: Orchard.Environment.Extensions.Compilers.DefaultExtensionCompiler.Compile(CompileExtensionContext context) C:\Projeler\version 3\Orchard-1.10.3\src\Orchard\Environment\Extensions\Compilers\DefaultExtensionCompiler.cs içinde: satýr 106
   --- Ýç özel durum yýðýný izlemesinin sonu ---
   konum: Orchard.Environment.Extensions.Compilers.DefaultExtensionCompiler.Compile(CompileExtensionContext context) C:\Projeler\version 3\Orchard-1.10.3\src\Orchard\Environment\Extensions\Compilers\DefaultExtensionCompiler.cs içinde: satýr 116
   konum: Orchard.Environment.Extensions.Compilers.CSharpExtensionBuildProviderShim.GenerateCode(AssemblyBuilder assemblyBuilder) C:\Projeler\version 3\Orchard-1.10.3\src\Orchard\Environment\Extensions\Compilers\CSharpExtensionBuildProviderShim.cs içinde: satýr 31
   konum: System.Web.Compilation.AssemblyBuilder.AddBuildProvider(BuildProvider buildProvider)
   konum: System.Web.Compilation.AssemblyBuilder.AddBuildProvider(BuildProvider buildProvider)
   konum: System.Web.Compilation.BuildProvidersCompiler.ProcessBuildProviders()
   konum: System.Web.Compilation.BuildProvidersCompiler.PerformBuild()
   konum: System.Web.Compilation.BuildManager.CompileWebFile(VirtualPath virtualPath)
   konum: System.Web.Compilation.BuildManager.GetVPathBuildResultInternal(VirtualPath virtualPath, Boolean noBuild, Boolean allowCrossApp, Boolean allowBuildInPrecompile, Boolean throwIfNotFound, Boolean ensureIsUpToDate)
   konum: System.Web.Compilation.BuildManager.GetVPathBuildResultWithNoAssert(HttpContext context, VirtualPath virtualPath, Boolean noBuild, Boolean allowCrossApp, Boolean allowBuildInPrecompile, Boolean throwIfNotFound, Boolean ensureIsUpToDate)
   konum: System.Web.Compilation.BuildManager.GetVPathBuildResult(HttpContext context, VirtualPath virtualPath, Boolean noBuild, Boolean allowCrossApp, Boolean allowBuildInPrecompile, Boolean ensureIsUpToDate)
   konum: System.Web.Compilation.BuildManager.GetCompiledAssembly(String virtualPath)
   konum: Orchard.Environment.DefaultBuildManager.GetCompiledAssembly(String virtualPath) C:\Projeler\version 3\Orchard-1.10.3\src\Orchard\Environment\IBuildManager.cs içinde: satýr 53
2019-06-28 04:26:23,885 [17] Orchard.Environment.DefaultAssemblyLoader - (null) - ERROR Error loading assembly 'System.Drawing'
System.IO.FileNotFoundException: 'System.Drawing' dosyasýný veya bütünleþtirilmiþ kodunu ya da baðýmlýlýklarýndan birini yükleyemedi. Sistem belirtilen dosyayý bulamýyor.
Dosya adý: 'System.Drawing'
   konum: System.Reflection.RuntimeAssembly._nLoad(AssemblyName fileName, String codeBase, Evidence assemblySecurity, RuntimeAssembly locationHint, StackCrawlMark& stackMark, IntPtr pPrivHostBinder, Boolean throwOnFileNotFound, Boolean forIntrospection, Boolean suppressSecurityChecks)
   konum: System.Reflection.RuntimeAssembly.nLoad(AssemblyName fileName, String codeBase, Evidence assemblySecurity, RuntimeAssembly locationHint, StackCrawlMark& stackMark, IntPtr pPrivHostBinder, Boolean throwOnFileNotFound, Boolean forIntrospection, Boolean suppressSecurityChecks)
   konum: System.Reflection.RuntimeAssembly.InternalLoadAssemblyName(AssemblyName assemblyRef, Evidence assemblySecurity, RuntimeAssembly reqAssembly, StackCrawlMark& stackMark, IntPtr pPrivHostBinder, Boolean throwOnFileNotFound, Boolean forIntrospection, Boolean suppressSecurityChecks)
   konum: System.Reflection.RuntimeAssembly.InternalLoad(String assemblyString, Evidence assemblySecurity, StackCrawlMark& stackMark, IntPtr pPrivHostBinder, Boolean forIntrospection)
   konum: System.Reflection.RuntimeAssembly.InternalLoad(String assemblyString, Evidence assemblySecurity, StackCrawlMark& stackMark, Boolean forIntrospection)
   konum: System.Reflection.Assembly.Load(String assemblyString)
   konum: Orchard.Environment.DefaultAssemblyLoader.LoadWorker(String shortName, String fullName) C:\Projeler\version 3\Orchard-1.10.3\src\Orchard\Environment\IAssemblyLoader.cs içinde: satýr 61
   konum: Orchard.Environment.DefaultAssemblyLoader.<>c__DisplayClass7_0.<Load>b__0(String shortName) C:\Projeler\version 3\Orchard-1.10.3\src\Orchard\Environment\IAssemblyLoader.cs içinde: satýr 28
   konum: System.Collections.Concurrent.ConcurrentDictionary`2.GetOrAdd(TKey key, Func`2 valueFactory)
   konum: Orchard.Environment.DefaultAssemblyLoader.Load(String assemblyName) C:\Projeler\version 3\Orchard-1.10.3\src\Orchard\Environment\IAssemblyLoader.cs içinde: satýr 28

UYR: Bütünleþtirilmiþ kod baðlama günlük kaydý kapatýldý.
Bütünleþtirilmiþ kod baðlama hatasý günlük kayýný etkinleþtirmek için, [HKLM\Software\Microsoft\Fusion!EnableLog] (DWORD) kayýt defteri deðerini 1 olarak ayarlayýn.
Not: Bütünleþtirilmiþ kod baðlama hatasý günlük kaydýyla iliþkili bazý performans cezasý vardýr.
Bu özelliði kapatmak için [HKLM\Software\Microsoft\Fusion!EnableLog] kayýt defteri deðerini kaldýrýn.

2019-06-28 04:26:23,888 [17] Orchard.Environment.Extensions.Compilers.DefaultExtensionCompiler - (null) - ERROR Assembly reference 'System.Drawing' for project '/OrchardLocal/Modules/Erdem.WebShop/Erdem.WebShop.csproj' cannot be loaded
2019-06-28 04:26:23,890 [17] Orchard.Environment.DefaultBuildManager - (null) - WARN Error when compiling assembly under ~/Modules/Erdem.WebShop/Erdem.WebShop.csproj.
System.Web.HttpParseException (0x80004005): Error compiling module "Erdem.WebShop" from file "/OrchardLocal/Modules/Erdem.WebShop/Erdem.WebShop.csproj":
Assembly reference 'System.Drawing' for project '/OrchardLocal/Modules/Erdem.WebShop/Erdem.WebShop.csproj' cannot be loaded ---> Orchard.OrchardCoreException: Error compiling module "Erdem.WebShop" from file "/OrchardLocal/Modules/Erdem.WebShop/Erdem.WebShop.csproj":
Assembly reference 'System.Drawing' for project '/OrchardLocal/Modules/Erdem.WebShop/Erdem.WebShop.csproj' cannot be loaded ---> Orchard.OrchardCoreException: Assembly reference 'System.Drawing' for project '/OrchardLocal/Modules/Erdem.WebShop/Erdem.WebShop.csproj' cannot be loaded
   konum: Orchard.Environment.Extensions.Compilers.DefaultExtensionCompiler.Compile(CompileExtensionContext context) C:\Projeler\version 3\Orchard-1.10.3\src\Orchard\Environment\Extensions\Compilers\DefaultExtensionCompiler.cs içinde: satýr 106
   --- Ýç özel durum yýðýný izlemesinin sonu ---
   konum: Orchard.Environment.Extensions.Compilers.DefaultExtensionCompiler.Compile(CompileExtensionContext context) C:\Projeler\version 3\Orchard-1.10.3\src\Orchard\Environment\Extensions\Compilers\DefaultExtensionCompiler.cs içinde: satýr 116
   konum: Orchard.Environment.Extensions.Compilers.CSharpExtensionBuildProviderShim.GenerateCode(AssemblyBuilder assemblyBuilder) C:\Projeler\version 3\Orchard-1.10.3\src\Orchard\Environment\Extensions\Compilers\CSharpExtensionBuildProviderShim.cs içinde: satýr 31
   konum: System.Web.Compilation.AssemblyBuilder.AddBuildProvider(BuildProvider buildProvider)
   konum: System.Web.Compilation.AssemblyBuilder.AddBuildProvider(BuildProvider buildProvider)
   konum: System.Web.Compilation.BuildProvidersCompiler.ProcessBuildProviders()
   konum: System.Web.Compilation.BuildProvidersCompiler.PerformBuild()
   konum: System.Web.Compilation.BuildManager.CompileWebFile(VirtualPath virtualPath)
   konum: System.Web.Compilation.BuildManager.GetVPathBuildResultInternal(VirtualPath virtualPath, Boolean noBuild, Boolean allowCrossApp, Boolean allowBuildInPrecompile, Boolean throwIfNotFound, Boolean ensureIsUpToDate)
   konum: System.Web.Compilation.BuildManager.GetVPathBuildResultWithNoAssert(HttpContext context, VirtualPath virtualPath, Boolean noBuild, Boolean allowCrossApp, Boolean allowBuildInPrecompile, Boolean throwIfNotFound, Boolean ensureIsUpToDate)
   konum: System.Web.Compilation.BuildManager.GetVPathBuildResult(HttpContext context, VirtualPath virtualPath, Boolean noBuild, Boolean allowCrossApp, Boolean allowBuildInPrecompile, Boolean ensureIsUpToDate)
   konum: System.Web.Compilation.BuildManager.GetCompiledAssembly(String virtualPath)
   konum: Orchard.Environment.DefaultBuildManager.GetCompiledAssembly(String virtualPath) C:\Projeler\version 3\Orchard-1.10.3\src\Orchard\Environment\IBuildManager.cs içinde: satýr 53
2019-06-28 04:26:23,919 [17] Orchard.Environment.DefaultAssemblyLoader - (null) - ERROR Error loading assembly 'System.Drawing'
System.IO.FileNotFoundException: 'System.Drawing' dosyasýný veya bütünleþtirilmiþ kodunu ya da baðýmlýlýklarýndan birini yükleyemedi. Sistem belirtilen dosyayý bulamýyor.
Dosya adý: 'System.Drawing'
   konum: System.Reflection.RuntimeAssembly._nLoad(AssemblyName fileName, String codeBase, Evidence assemblySecurity, RuntimeAssembly locationHint, StackCrawlMark& stackMark, IntPtr pPrivHostBinder, Boolean throwOnFileNotFound, Boolean forIntrospection, Boolean suppressSecurityChecks)
   konum: System.Reflection.RuntimeAssembly.nLoad(AssemblyName fileName, String codeBase, Evidence assemblySecurity, RuntimeAssembly locationHint, StackCrawlMark& stackMark, IntPtr pPrivHostBinder, Boolean throwOnFileNotFound, Boolean forIntrospection, Boolean suppressSecurityChecks)
   konum: System.Reflection.RuntimeAssembly.InternalLoadAssemblyName(AssemblyName assemblyRef, Evidence assemblySecurity, RuntimeAssembly reqAssembly, StackCrawlMark& stackMark, IntPtr pPrivHostBinder, Boolean throwOnFileNotFound, Boolean forIntrospection, Boolean suppressSecurityChecks)
   konum: System.Reflection.RuntimeAssembly.InternalLoad(String assemblyString, Evidence assemblySecurity, StackCrawlMark& stackMark, IntPtr pPrivHostBinder, Boolean forIntrospection)
   konum: System.Reflection.RuntimeAssembly.InternalLoad(String assemblyString, Evidence assemblySecurity, StackCrawlMark& stackMark, Boolean forIntrospection)
   konum: System.Reflection.Assembly.Load(String assemblyString)
   konum: Orchard.Environment.DefaultAssemblyLoader.LoadWorker(String shortName, String fullName) C:\Projeler\version 3\Orchard-1.10.3\src\Orchard\Environment\IAssemblyLoader.cs içinde: satýr 61
   konum: Orchard.Environment.DefaultAssemblyLoader.<>c__DisplayClass7_0.<Load>b__0(String shortName) C:\Projeler\version 3\Orchard-1.10.3\src\Orchard\Environment\IAssemblyLoader.cs içinde: satýr 28
   konum: System.Collections.Concurrent.ConcurrentDictionary`2.GetOrAdd(TKey key, Func`2 valueFactory)
   konum: Orchard.Environment.DefaultAssemblyLoader.Load(String assemblyName) C:\Projeler\version 3\Orchard-1.10.3\src\Orchard\Environment\IAssemblyLoader.cs içinde: satýr 28

UYR: Bütünleþtirilmiþ kod baðlama günlük kaydý kapatýldý.
Bütünleþtirilmiþ kod baðlama hatasý günlük kayýný etkinleþtirmek için, [HKLM\Software\Microsoft\Fusion!EnableLog] (DWORD) kayýt defteri deðerini 1 olarak ayarlayýn.
Not: Bütünleþtirilmiþ kod baðlama hatasý günlük kaydýyla iliþkili bazý performans cezasý vardýr.
Bu özelliði kapatmak için [HKLM\Software\Microsoft\Fusion!EnableLog] kayýt defteri deðerini kaldýrýn.

2019-06-28 04:26:23,921 [17] Orchard.Environment.Extensions.Compilers.DefaultExtensionCompiler - (null) - ERROR Assembly reference 'System.Drawing' for project '/OrchardLocal/Modules/Erdem.WebShop/Erdem.WebShop.csproj' cannot be loaded
2019-06-28 04:26:23,924 [17] Orchard.Environment.DefaultBuildManager - (null) - WARN Error when compiling assembly under ~/Modules/Erdem.WebShop/Erdem.WebShop.csproj.
System.Web.HttpParseException (0x80004005): Error compiling module "Erdem.WebShop" from file "/OrchardLocal/Modules/Erdem.WebShop/Erdem.WebShop.csproj":
Assembly reference 'System.Drawing' for project '/OrchardLocal/Modules/Erdem.WebShop/Erdem.WebShop.csproj' cannot be loaded ---> Orchard.OrchardCoreException: Error compiling module "Erdem.WebShop" from file "/OrchardLocal/Modules/Erdem.WebShop/Erdem.WebShop.csproj":
Assembly reference 'System.Drawing' for project '/OrchardLocal/Modules/Erdem.WebShop/Erdem.WebShop.csproj' cannot be loaded ---> Orchard.OrchardCoreException: Assembly reference 'System.Drawing' for project '/OrchardLocal/Modules/Erdem.WebShop/Erdem.WebShop.csproj' cannot be loaded
   konum: Orchard.Environment.Extensions.Compilers.DefaultExtensionCompiler.Compile(CompileExtensionContext context) C:\Projeler\version 3\Orchard-1.10.3\src\Orchard\Environment\Extensions\Compilers\DefaultExtensionCompiler.cs içinde: satýr 106
   --- Ýç özel durum yýðýný izlemesinin sonu ---
   konum: Orchard.Environment.Extensions.Compilers.DefaultExtensionCompiler.Compile(CompileExtensionContext context) C:\Projeler\version 3\Orchard-1.10.3\src\Orchard\Environment\Extensions\Compilers\DefaultExtensionCompiler.cs içinde: satýr 116
   konum: Orchard.Environment.Extensions.Compilers.CSharpExtensionBuildProviderShim.GenerateCode(AssemblyBuilder assemblyBuilder) C:\Projeler\version 3\Orchard-1.10.3\src\Orchard\Environment\Extensions\Compilers\CSharpExtensionBuildProviderShim.cs içinde: satýr 31
   konum: System.Web.Compilation.AssemblyBuilder.AddBuildProvider(BuildProvider buildProvider)
   konum: System.Web.Compilation.AssemblyBuilder.AddBuildProvider(BuildProvider buildProvider)
   konum: System.Web.Compilation.BuildProvidersCompiler.ProcessBuildProviders()
   konum: System.Web.Compilation.BuildProvidersCompiler.PerformBuild()
   konum: System.Web.Compilation.BuildManager.CompileWebFile(VirtualPath virtualPath)
   konum: System.Web.Compilation.BuildManager.GetVPathBuildResultInternal(VirtualPath virtualPath, Boolean noBuild, Boolean allowCrossApp, Boolean allowBuildInPrecompile, Boolean throwIfNotFound, Boolean ensureIsUpToDate)
   konum: System.Web.Compilation.BuildManager.GetVPathBuildResultWithNoAssert(HttpContext context, VirtualPath virtualPath, Boolean noBuild, Boolean allowCrossApp, Boolean allowBuildInPrecompile, Boolean throwIfNotFound, Boolean ensureIsUpToDate)
   konum: System.Web.Compilation.BuildManager.GetVPathBuildResult(HttpContext context, VirtualPath virtualPath, Boolean noBuild, Boolean allowCrossApp, Boolean allowBuildInPrecompile, Boolean ensureIsUpToDate)
   konum: System.Web.Compilation.BuildManager.GetCompiledAssembly(String virtualPath)
   konum: Orchard.Environment.DefaultBuildManager.GetCompiledAssembly(String virtualPath) C:\Projeler\version 3\Orchard-1.10.3\src\Orchard\Environment\IBuildManager.cs içinde: satýr 53
2019-06-28 04:26:23,959 [17] Orchard.Environment.DefaultAssemblyLoader - (null) - ERROR Error loading assembly 'System.Drawing'
System.IO.FileNotFoundException: 'System.Drawing' dosyasýný veya bütünleþtirilmiþ kodunu ya da baðýmlýlýklarýndan birini yükleyemedi. Sistem belirtilen dosyayý bulamýyor.
Dosya adý: 'System.Drawing'
   konum: System.Reflection.RuntimeAssembly._nLoad(AssemblyName fileName, String codeBase, Evidence assemblySecurity, RuntimeAssembly locationHint, StackCrawlMark& stackMark, IntPtr pPrivHostBinder, Boolean throwOnFileNotFound, Boolean forIntrospection, Boolean suppressSecurityChecks)
   konum: System.Reflection.RuntimeAssembly.nLoad(AssemblyName fileName, String codeBase, Evidence assemblySecurity, RuntimeAssembly locationHint, StackCrawlMark& stackMark, IntPtr pPrivHostBinder, Boolean throwOnFileNotFound, Boolean forIntrospection, Boolean suppressSecurityChecks)
   konum: System.Reflection.RuntimeAssembly.InternalLoadAssemblyName(AssemblyName assemblyRef, Evidence assemblySecurity, RuntimeAssembly reqAssembly, StackCrawlMark& stackMark, IntPtr pPrivHostBinder, Boolean throwOnFileNotFound, Boolean forIntrospection, Boolean suppressSecurityChecks)
   konum: System.Reflection.RuntimeAssembly.InternalLoad(String assemblyString, Evidence assemblySecurity, StackCrawlMark& stackMark, IntPtr pPrivHostBinder, Boolean forIntrospection)
   konum: System.Reflection.RuntimeAssembly.InternalLoad(String assemblyString, Evidence assemblySecurity, StackCrawlMark& stackMark, Boolean forIntrospection)
   konum: System.Reflection.Assembly.Load(String assemblyString)
   konum: Orchard.Environment.DefaultAssemblyLoader.LoadWorker(String shortName, String fullName) C:\Projeler\version 3\Orchard-1.10.3\src\Orchard\Environment\IAssemblyLoader.cs içinde: satýr 61
   konum: Orchard.Environment.DefaultAssemblyLoader.<>c__DisplayClass7_0.<Load>b__0(String shortName) C:\Projeler\version 3\Orchard-1.10.3\src\Orchard\Environment\IAssemblyLoader.cs içinde: satýr 28
   konum: System.Collections.Concurrent.ConcurrentDictionary`2.GetOrAdd(TKey key, Func`2 valueFactory)
   konum: Orchard.Environment.DefaultAssemblyLoader.Load(String assemblyName) C:\Projeler\version 3\Orchard-1.10.3\src\Orchard\Environment\IAssemblyLoader.cs içinde: satýr 28

UYR: Bütünleþtirilmiþ kod baðlama günlük kaydý kapatýldý.
Bütünleþtirilmiþ kod baðlama hatasý günlük kayýný etkinleþtirmek için, [HKLM\Software\Microsoft\Fusion!EnableLog] (DWORD) kayýt defteri deðerini 1 olarak ayarlayýn.
Not: Bütünleþtirilmiþ kod baðlama hatasý günlük kaydýyla iliþkili bazý performans cezasý vardýr.
Bu özelliði kapatmak için [HKLM\Software\Microsoft\Fusion!EnableLog] kayýt defteri deðerini kaldýrýn.

2019-06-28 04:26:23,961 [17] Orchard.Environment.Extensions.Compilers.DefaultExtensionCompiler - (null) - ERROR Assembly reference 'System.Drawing' for project '/OrchardLocal/Modules/Erdem.WebShop/Erdem.WebShop.csproj' cannot be loaded
2019-06-28 04:26:23,964 [17] Orchard.Environment.DefaultBuildManager - (null) - WARN Error when compiling assembly under ~/Modules/Erdem.WebShop/Erdem.WebShop.csproj.
System.Web.HttpParseException (0x80004005): Error compiling module "Erdem.WebShop" from file "/OrchardLocal/Modules/Erdem.WebShop/Erdem.WebShop.csproj":
Assembly reference 'System.Drawing' for project '/OrchardLocal/Modules/Erdem.WebShop/Erdem.WebShop.csproj' cannot be loaded ---> Orchard.OrchardCoreException: Error compiling module "Erdem.WebShop" from file "/OrchardLocal/Modules/Erdem.WebShop/Erdem.WebShop.csproj":
Assembly reference 'System.Drawing' for project '/OrchardLocal/Modules/Erdem.WebShop/Erdem.WebShop.csproj' cannot be loaded ---> Orchard.OrchardCoreException: Assembly reference 'System.Drawing' for project '/OrchardLocal/Modules/Erdem.WebShop/Erdem.WebShop.csproj' cannot be loaded
   konum: Orchard.Environment.Extensions.Compilers.DefaultExtensionCompiler.Compile(CompileExtensionContext context) C:\Projeler\version 3\Orchard-1.10.3\src\Orchard\Environment\Extensions\Compilers\DefaultExtensionCompiler.cs içinde: satýr 106
   --- Ýç özel durum yýðýný izlemesinin sonu ---
   konum: Orchard.Environment.Extensions.Compilers.DefaultExtensionCompiler.Compile(CompileExtensionContext context) C:\Projeler\version 3\Orchard-1.10.3\src\Orchard\Environment\Extensions\Compilers\DefaultExtensionCompiler.cs içinde: satýr 116
   konum: Orchard.Environment.Extensions.Compilers.CSharpExtensionBuildProviderShim.GenerateCode(AssemblyBuilder assemblyBuilder) C:\Projeler\version 3\Orchard-1.10.3\src\Orchard\Environment\Extensions\Compilers\CSharpExtensionBuildProviderShim.cs içinde: satýr 31
   konum: System.Web.Compilation.AssemblyBuilder.AddBuildProvider(BuildProvider buildProvider)
   konum: System.Web.Compilation.AssemblyBuilder.AddBuildProvider(BuildProvider buildProvider)
   konum: System.Web.Compilation.BuildProvidersCompiler.ProcessBuildProviders()
   konum: System.Web.Compilation.BuildProvidersCompiler.PerformBuild()
   konum: System.Web.Compilation.BuildManager.CompileWebFile(VirtualPath virtualPath)
   konum: System.Web.Compilation.BuildManager.GetVPathBuildResultInternal(VirtualPath virtualPath, Boolean noBuild, Boolean allowCrossApp, Boolean allowBuildInPrecompile, Boolean throwIfNotFound, Boolean ensureIsUpToDate)
   konum: System.Web.Compilation.BuildManager.GetVPathBuildResultWithNoAssert(HttpContext context, VirtualPath virtualPath, Boolean noBuild, Boolean allowCrossApp, Boolean allowBuildInPrecompile, Boolean throwIfNotFound, Boolean ensureIsUpToDate)
   konum: System.Web.Compilation.BuildManager.GetVPathBuildResult(HttpContext context, VirtualPath virtualPath, Boolean noBuild, Boolean allowCrossApp, Boolean allowBuildInPrecompile, Boolean ensureIsUpToDate)
   konum: System.Web.Compilation.BuildManager.GetCompiledAssembly(String virtualPath)
   konum: Orchard.Environment.DefaultBuildManager.GetCompiledAssembly(String virtualPath) C:\Projeler\version 3\Orchard-1.10.3\src\Orchard\Environment\IBuildManager.cs içinde: satýr 53
